23401
184891
250551
301047
357487
413093
498639
524679
551409
580525
609649
638765
667889
697005
726129
755245
784369
813485
842629
871729
900845
929969
959085
988209
1017325
1050089
1082845
1115609
1148365
1181129
1213885
1246649
1279433
1312165
1344929
1377685
1410449
1443205
1475969
1508725
1541489
1574245
1607009
1639765
1672549
1705289
1738045
1770809
1803565
1836329
1869085
1901849
1934605
1967369
2000125
2032889
2065645
2098435
2131167
2163923
2196687
2229443
2262207
2294963
2327727
2360483
2393247
2426003
2458767
2491523
2524315
2557047
2589803
2622567
2655323
2688087
2720843
2753607
2786363
2819127
2851883
2884647
2917403
2950195
2982927
3015683
3048447
3081203
3113967
3146723
3179487
3212243
3245007
3277763
3310527
3343283
3376075
3408807
3441563
3474327
3507083
3539847
3572603
3605367
3638123
3670887
3703643
3736407
3769163
3801955
3834687
3867443
3900207
3932963
3965727
3998483
4031247
4064003
4096767
4129523
4162287
4195069
4227809
4260565
4293329
4326085
4358849
4391605
4424369
4457125
4489889
4522645
4555409
4588165
4620949
4653689
4686445
4719209
4751965
4784729
4817485
4850249
4883005
4915769
4948525
4981289
5014045
5046829
5079569
5112325
5145089
5177845
5210609
5243365
5276129
5308885
5341649
5374405
5407169
5439925
5472709
5505449
5538205
5570969
5603725
5636489
5669245
5702009
5734765
5767529
5800285
5833049
5865805
5898589
5931329
5964085
5996849
6029605
6062369
6095125
6127889
6160645
6193409
6226165
6258929
6292075
6324447
6357203
6389967
6422723
6455487
6488243
6521007
6553763
6586527
6619283
6652047
6684803
6717595
6750327
6783083
6815847
6848603
6881367
6914123
6946887
6979643
7012407
7045163
7077927
7110683
7143475
7176207
7208963
7241727
7274483
7307247
7340003
7372767
7405523
7438287
7471043
7503807
7536563
7569355
7602087
7634843
7667607
7700363
7733127
7765883
7798647
7831403
7864167
7896923
7929687
7962443
7995235
8027967
8060723
8093487
8126243
8159007
8191763
8224527
8257283
8290047
8322803
8355567
8388323
8421113
8453845
8486609
8519365
8552129
8584885
8617649
8650405
8683169
8715925
8748689
8781445
8814229
8846969
8879725
8912489
8945245
8978009
9010765
9043529
9076285
9109049
9141805
9174569
9207325
9240109
9272849
9305605
9338369
9371125
9403889
9436645
9469409
9502165
9534929
9567685
9600449
9633205
9665989
9698729
9731485
9764249
9797005
9829769
9862525
9895289
9928045
9960809
9993565
10026329
10062725
10099149
10135529
10171925
10208329
10244725
10281129
10317525
10353929
10390325
10426729
10463125
10499555
10535927
10572323
10608727
10645123
10681527
10717923
10754327
10790723
10827127
10863523
10899927
10936351
10972723
11009127
11045523
11081927
11118323
11154727
11191123
11227527
11263923
11300327
11336751
11373123
11409527
11445923
11482327
11518723
11555127
11591523
11627927
11664323
11700727
11737123
11773555
11809927
11846323
11882727
11919123
11955527
11991923
12028327
12064723
12101127
12137523
12173955
12210327
12246723
12283127
12319523
12355927
12392323
12428727
12465123
12501527
12537923
12574327
12610749
12647129
12683525
12719929
12756325
12792729
12829125
12865529
12901925
12938329
12974725
13011129
13047529
13083925
13120329
13156725
13193129
13229525
13265929
13302325
13338729
13375125
13411529
13447953
13484325
13520729
13557125
13593529
13629925
13666329
13702725
13739129
13775525
13811929
13848325
13884749
13921129
13957525
13993929
14030325
14066729
14103125
14139529
14175925
14212329
14248725
14285149
14321529
14357925
14394329
14430725
14467129
14503525
14539929
14576325
14612729
14649125
14685529
14721951
14758323
14794727
14831123
14867527
14903923
14940327
14976723
15013127
15049523
15085927
15122351
15158723
15195127
15231523
15267927
15304323
15340727
15377123
15413527
15449923
15486327
15522723
15559155
15595527
15631923
15668327
15704723
15741127
15777523
15813927
15850323
15886727
15923123
15959555
15995927
16032323
16068727
16105123
16141527
16177923
16214327
16250723
16287127
16323523
16359927
16396351
16432723
16469127
16505523
16541927
16578323
16614727
16651123
16687527
16723923
16760327
16796749
16833129
16869525
16905929
16942325
16978729
17015125
17051529
17087925
17124329
17160725
17197129
17233553
17269925
17306329
17342725
17379129
17415525
17451929
17488325
17524729
17561125
17597529
17633953
17670325
17706729
17743125
17779529
17815925
17852329
17888725
17925129
17961525
17997929
18034325
18070749
18107129
18143525
18179929
18216325
18252729
18289125
18325529
18361925
18398329
18434725
18471129
18507529
18543925
18580329
18616725
18653129
18689525
18725929
18762325
18798729
18835125
18871529
18907951
18944323
18980727
19017123
19053527
19089923
19126327
19162723
19199127
19235523
19271927
19308323
19344755
19381127
19417523
19453927
19490323
19526727
19563123
19599527
19635923
19672327
19708723
19745155
19781527
19817923
19854327
19890723
19927127
19963523
19999927
20036323
20072727
20109123
20145527
20181951
20218323
20254727
20291123
20327527
20363923
20400327
20436723
20473127
20509523
20545927
20582351
20618723
20655127
20691523
20727927
20764323
20800727
20837123
20873527
20909923
20946327
20982723
21019153
21055525
21091929
21128325
21164729
21201125
21237529
21273925
21310329
21346725
21383129
21419553
21455925
21492329
21528725
21565129
21601525
21637929
21674325
21710729
21747125
21783529
21819925
21856349
21892729
21929125
21965529
22001925
22038329
22074725
22111129
22147525
22183929
22220325
22256749
22293129
22329525
22365929
22402325
22438729
22475125
22511529
22547925
22584329
22620725
22657129
22693553
22729925
22766329
22802725
22839129
22875525
22911929
22948325
22984729
23021125
23057529
23093951
23130323
23166727
23203123
23239527
23275923
23312327
23348723
23385127
23421523
23457927
23494323
23530755
23567127
23603523
23639927
23676323
23712727
23749123
23785527
23821923
23858327
23894723
23931127
23967525
24003929
24040325
24076729
24113125
24149529
24185925
24222329
24258725
24295129
24331525
24367949
24404329
24440725
24477129
24513525
24549929
24586325
24622729
24659125
24695529
24731925
24768329
24804753
24841125
24877529
24913925
24950329
24986725
25023129
25059525
25095929
25132325
25168729
25205151
25241523
25277927
25314323
25350727
25387123
25423527
25459923
25496327
25532723
25569127
25605523
25641955
25678327
25714723
25751127
25787523
25823927
25860323
25896727
25933123
25969527
26005923
26042355
26078727
26115123
26151527
26187923
26224327
26260723
26297127
26333523
26369927
26406323
26442727
26479151
26515523
26551927
26588323
26624727
26661123
26697527
26733923
26770327
26806723
26843127
26879551
26915923
26952327
26988723
27025127
27061523
27097927
27134323
27170727
27207123
27243527
27279923
27316353
27352725
27389129
27425525
27461929
27498325
27534729
27571125
27607529
27643925
27680329
27716753
27753125
27789529
27825925
27862329
27898725
27935129
27971525
28007929
28044325
28080729
28117125
28153549
28189929
28226325
28262729
28299125
28335529
28371925
28408329
28444725
28481129
28517525
28553949
28590329
28626725
28663129
28699525
28735929
28772325
28808729
28845125
28881529
28917925
28954329
28990753
29027125
29063529
29099925
29136329
29172725
29209129
29245525
29281929
29318325
29354729
29391125
29427523
29463927
29500323
29536727
29573123
29609527
29645923
29682327
29718723
29755127
29791523
29827955
29864327
29900723
29937127
29973523
30009927
30046323
30082727
30119123
30155527
30191923
30228327
30264751
30301123
30337527
30373923
30410327
30446723
30483127
30519523
30555927
30592323
30628727
30665151
30701523
30737927
30774323
30810727
30847123
30883527
30919923
30956327
30992723
31029127
31065523
31101955
31138327
31174723
31211127
31247523
31283927
31320323
31356727
31393123
31429527
31465923
31502353
31538725
31575129
31611525
31647929
31684325
31720729
31757125
31793529
31829925
31866329
31902725
31939149
31975529
32011925
32048329
32084725
32121129
32157525
32193929
32230325
32266729
32303125
32339549
32375929
32412325
32448729
32485125
32521529
32557925
32594329
32630725
32667129
32703525
32739929
32776353
32812725
32849129
32885525
32921929
32958325
32994729
33031125
33067529
33103925
33140329
33176753
33213125
33249529
33285925
33322329
33358725
33395129
33431525
33467929
33504325
33540729
33577125
33613555
33649927
33686323
33722727
33759123
33795527
33831923
33868327
33904723
33941127
33977523
34013955
34050327
34086723
34123127
34159523
34195927
34232323
34268727
34305123
34341527
34377923
34414327
34450751
34487123
34523527
34559923
34596327
34632723
34669127
34705523
34741927
34778323
34814727
34851123
34887529
34923925
34960329
34996725
35033129
35069525
35105929
35142325
35178729
35215125
35251529
35287953
35324325
35360729
35397125
35433529
35469925
35506329
35542725
35579129
35615525
35651929
35688325
35724755
35761127
35797523
35833927
35870323
35906727
35943123
35979527
36015923
36052327
36088723
36125155
36161527
36197923
36234327
36270723
36307127
36343523
36379927
36416323
36452727
36489123
36525527
36561951
36598323
36634727
36671123
36707527
36743923
36780327
36816723
36853127
36889523
36925927
36962351
36998723
37035127
37071523
37107927
37144323
37180727
37217123
37253527
37289923
37326327
37362723
37399155
37435527
37471923
37508327
37544723
37581127
37617523
37653927
37690323
37726727
37763123
37799553
37835925
37872329
37908725
37945129
37981525
38017929
38054325
38090729
38127125
38163529
38199925
38236349
38272729
38309125
38345529
38381925
38418329
38454725
38491129
38527525
38563929
38600325
38636749
38673129
38709525
38745929
38782325
38818729
38855125
38891529
38927925
38964329
39000725
39037129
39073553
39109925
39146329
39182725
39219129
39255525
39291929
39328325
39364729
39401125
39437529
39473953
39510325
39546729
39583125
39619529
39655925
39692329
39728725
39765129
39801525
39837929
39874325
39910755
39947127
39983523
40019927
40056323
40092727
40129123
40165527
40201923
40238327
40274723
40311127
40347525
40383929
40420325
40456729
40493125
40529529
40565925
40602329
40638725
40675129
40711525
40747949
40784329
40820725
40857129
40893525
40929929
40966325
41002729
41039125
41075529
41111925
41148329
41184753
41221125
41257529
41293925
41330329
41366725
41403129
41439525
41475929
41512325
41548729
41585153
41621525
41657929
41694325
41730729
41767125
41803529
41839925
41876329
41912725
41949129
41985525
42021955
42058327
42094723
42131127
42167523
42203927
42240323
42276727
42313123
42349527
42385923
42422355
42458727
42495123
42531527
42567923
42604327
42640723
42677127
42713523
42749927
42786323
42822727
42859151
42895523
42931927
42968323
43004727
43041123
43077527
43113923
43150327
43186723
43223127
43259551
43295923
43332327
43368723
43405127
43441523
43477927
43514323
43550727
43587123
43623527
43659923
43696355
43732727
43769123
43805527
43841923
43878327
43914723
43951127
43987523
44023927
44060323
44096753
44133125
44169529
44205925
44242329
44278725
44315129
44351525
44387929
44424325
44460729
44497125
44533549
44569929
44606325
44642729
44679125
44715529
44751925
44788329
44824725
44861129
44897525
44933949
44970329
45006725
45043129
45079525
45115929
45152325
45188729
45225125
45261529
45297925
45334329
45370753
45407125
45443529
45479925
45516329
45552725
45589129
45625525
45661929
45698325
45734729
45771125
45807525
45843929
45880325
45916729
45953125
45989529
46025925
46062329
46098725
46135129
46171525
46207955
46244327
46280723
46317127
46353523
46389927
46426323
46462727
46499123
46535527
46571923
46608327
46644751
46681123
46717527
46753923
46790327
46826723
46863127
46899523
46935927
46972323
47008727
47045151
47081523
47117927
47154323
47190727
47227123
47263527
47299923
47336327
47372723
47409127
47445523
47481955
47518327
47554723
47591127
47627523
47663927
47700323
47736727
47773123
47809527
47845923
47882355
47918727
47955123
47991527
48027923
48064327
48100723
48137127
48173523
48209927
48246323
48282727
48319149
48355529
48391925
48428329
48464725
48501129
48537525
48573929
48610325
48646729
48683125
48719549
48755929
48792325
48828729
48865125
48901529
48937925
48974329
49010725
49047129
49083525
49119929
49156353
49192725
49229129
49265525
49301929
49338325
49374729
49411125
49447529
49483925
49520329
49556753
49593125
49629529
49665925
49702329
49738725
49775129
49811525
49847929
49884325
49920729
49957125
49993549
50029929
50066325
50102729
50139125
50175529
50211925
50248329
50284725
50321129
50357525
50393955
50430327
50466723
50503127
50539523
50575927
50612323
50648727
50685123
50721527
50757923
50794327
50830751
50867123
50903527
50939923
50976327
51012723
51049127
51085523
51121927
51158323
51194727
51231123
51267529
51303925
51340329
51376725
51413129
51449525
51485929
51522325
51558729
51595125
51631529
51667953
51704325
51740729
51777125
51813529
51849925
51886329
51922725
51959129
51995525
52031929
52068325
52104749
52141129
52177525
52213929
52250325
52286729
52323125
52359529
52395925
52432329
52468725
52505155
52541527
52577923
52614327
52650723
52687127
52723523
52759927
52796323
52832727
52869123
52905527
52941951
52978323
53014727
53051123
53087527
53123923
53160327
53196723
53233127
53269523
53305927
53342351
53378723
53415127
53451523
53487927
53524323
53560727
53597123
53633527
53669923
53706327
53742723
53779155
53815527
53851923
53888327
53924723
53961127
53997523
54033927
54070323
54106727
54143123
54179555
54215927
54252323
54288727
54325123
54361527
54397923
54434327
54470723
54507127
54543523
54579927
54616349
54652729
54689125
54725529
54761925
54798329
54834725
54871129
54907525
54943929
54980325
55016749
55053129
55089525
55125929
55162325
55198729
55235125
55271529
55307925
55344329
55380725
55417129
55453553
55489925
55526329
55562725
55599129
55635525
55671929
55708325
55744729
55781125
55817529
55853953
55890325
55926729
55963125
55999529
56035925
56072329
56108725
56145129
56181525
56217929
56254325
56290749
56327129
56363525
56399929
56436325
56472729
56509125
56545529
56581925
56618329
56654725
56691129
56727527
56763923
56800327
56836723
56873127
56909523
56945927
56982323
57018727
57055123
57091527
57127951
57164323
57200727
57237123
57273527
57309923
57346327
57382723
57419127
57455523
57491927
57528323
57564755
57601127
57637523
57673927
57710323
57746727
57783123
57819527
57855923
57892327
57928723
57965155
58001527
58037923
58074327
58110723
58147127
58183523
58219927
58256323
58292727
58329123
58365527
58401951
58438323
58474727
58511123
58547527
58583923
58620327
58656723
58693127
58729523
58765927
58802349
58838729
58875125
58911529
58947925
58984329
59020725
59057129
59093525
59129929
59166325
59202729
59239153
59275525
59311929
59348325
59384729
59421125
59457529
59493925
59530329
59566725
59603129
59639553
59675925
59712329
59748725
59785129
59821525
59857929
59894325
59930729
59967125
60003529
60039925
60076349
60112729
60149125
60185529
60221925
60258329
60294725
60331129
60367525
60403929
60440325
60476749
60513129
60549525
60585929
60622325
60658729
60695125
60731529
60767925
60804329
60840725
60877129
60913551
60949923
60986327
61022723
61059127
61095523
61131927
61168323
61204727
61241123
61277527
61313951
61350323
61386727
61423123
61459527
61495923
61532327
61568723
61605127
61641523
61677927
61714323
61750755
61787127
61823523
61859927
61896323
61932727
61969123
62005527
62041923
62078327
62114723
62151127
62187525
62223929
62260325
62296729
62333125
62369529
62405925
62442329
62478725
62515129
62551525
62587949
62624329
62660725
62697129
62733525
62769929
62806325
62842729
62879125
62915529
62951925
62988329
63024751
63061123
63097527
63133923
63170327
63206723
63243127
63279523
63315927
63352323
63388727
63425151
63461523
63497927
63534323
63570727
63607123
63643527
63679923
63716327
63752723
63789127
63825523
63861955
63898327
63934723
63971127
64007523
64043927
64080323
64116727
64153123
64189527
64225923
64262355
64298727
64335123
64371527
64407923
64444327
64480723
64517127
64553523
64589927
64626323
64662727
64699151
64735523
64771927
64808323
64844727
64881123
64917527
64953923
64990327
65026723
65063127
65099549
65135929
65172325
65208729
65245125
65281529
65317925
65354329
65390725
65427129
65463525
65499929
65536353
65572725
65609129
65645525
65681929
65718325
65754729
65791125
65827529
65863925
65900329
65936753
65973125
66009529
66045925
66082329
66118725
66155129
66191525
66227929
66264325
66300729
66337125
66373549
66409929
66446325
66482729
66519125
66555529
66591925
66628329
66664725
66701129
66737525
66773949
66810329
66846725
66883129
66919525
66955929
66992325
67028729
67065125
67101529
67137925
67174329
67210751
67247123
67283527
67319923
67356327
67392723
67429127
67465523
67501927
67538323
67574727
67611123
67647529
67683925
67720329
67756725
67793129
67829525
67865929
67902325
67938729
67975125
68011529
68047953
68084325
68120729
68157125
68193529
68229925
68266329
68302725
68339129
68375525
68411929
68448325
68484749
68521129
68557525
68593929
68630325
68666729
68703125
68739529
68775925
68812329
68848725
68885149
68921529
68957925
68994329
69030725
69067129
69103525
69139929
69176325
69212729
69249125
69285529
69321951
69358323
69394727
69431123
69467527
69503923
69540327
69576723
69613127
69649523
69685927
69722351
69758723
69795127
69831523
69867927
69904323
69940727
69977123
70013527
70049923
70086327
70122723
70159155
70195527
70231923
70268327
70304723
70341127
70377523
70413927
70450323
70486727
70523123
70559555
70595927
70632323
70668727
70705123
70741527
70777923
70814327
70850723
70887127
70923523
70959927
70996351
71032723
71069127
71105523
71141927
71178323
71214727
71251123
71287527
71323923
71360327
71396749
71433129
71469525
71505929
71542325
71578729
71615125
71651529
71687925
71724329
71760725
71797129
71833553
71869925
71906329
71942725
71979129
72015525
72051929
72088325
72124729
72161125
72197529
72233953
72270325
72306729
72343125
72379529
72415925
72452329
72488725
72525129
72561525
72597929
72634325
72670749
72707129
72743525
72779929
72816325
72852729
72889125
72925529
72961925
72998329
73034725
73071129
73107529
73143925
73180329
73216725
73253129
73289525
73325929
73362325
73398729
73435125
73471529
73507951
73544323
73580727
73617123
73653527
73689923
73726327
73762723
73799127
73835523
73871927
73908323
73944755
73981127
74017523
74053927
74090323
74126727
74163123
74199527
74235923
74272327
74308723
74345155
74381527
74417923
74454327
74490723
74527127
74563523
74599927
74636323
74672727
74709123
74745527
74781951
74818323
74854727
74891123
74927527
74963923
75000327
75036723
75073127
75109523
75145927
75182351
75218723
75255127
75291523
75327927
75364323
75400727
75437123
75473527
75509923
75546327
75582723
75619153
75655525
75691929
75728325
75764729
75801125
75837529
75873925
75910329
75946725
75983129
76019553
76055925
76092329
76128725
76165129
76201525
76237929
76274325
76310729
76347125
76383529
76419925
76456349
76492729
76529125
76565529
76601925
76638329
76674725
76711129
76747525
76783929
76820325
76856749
76893129
76929525
76965929
77002325
77038729
77075125
77111529
77147925
77184329
77220725
77257129
77293553
77329925
77366329
77402725
77439129
77475525
77511929
77548325
77584729
77621125
77657529
77693951
77730323
77766727
77803123
77839527
77875923
77912327
77948723
77985127
78021523
78057927
78094323
78130755
78167127
78203523
78239927
78276323
78312727
78349123
78385527
78421923
78458327
78494723
78531127
78567525
78603929
78640325
78676729
78713125
78749529
78785925
78822329
78858725
78895129
78931525
78967949
79004329
79040725
79077129
79113525
79149929
79186325
79222729
79259125
79295529
79331925
79368329
79404753
79441125
79477529
79513925
79550329
79586725
79623129
79659525
79695929
79732325
79768729
79805151
79841523
79877927
79914323
79950727
79987123
80023527
80059923
80096327
80132723
80169127
80205523
80241955
80278327
80314723
80351127
80387523
80423927
80460323
80496727
80533123
80569527
80605923
80642355
80678727
80715123
80751527
80787923
80824327
80860723
80897127
80933523
80969927
81006323
81042727
81079151
81115523
81151927
81188323
81224727
81261123
81297527
81333923
81370327
81406723
81443127
81479551
81515923
81552327
81588723
81625127
81661523
81697927
81734323
81770727
81807123
81843527
81879923
81916353
81952725
81989129
82025525
82061929
82098325
82134729
82171125
82207529
82243925
82280329
82316753
82353125
82389529
82425925
82462329
82498725
82535129
82571525
82607929
82644325
82680729
82717125
82753549
82789929
82826325
82862729
82899125
82935529
82971925
83008329
83044725
83081129
83117525
83153949
83190329
83226725
83263129
83299525
83335929
83372325
83408729
83445125
83481529
83517925
83554329
83590753
83627125
83663529
83699925
83736329
83772725
83809129
83845525
83881929
83918325
83954729
83991125
84027523
84063927
84100323
84136727
84173123
84209527
84245923
84282327
84318723
84355127
84391523
84427955
84464327
84500723
84537127
84573523
84609927
84646323
84682727
84719123
84755527
84791923
84828327
84864751
84901123
84937527
84973923
85010327
85046723
85083127
85119523
85155927
85192323
85228727
85265151
85301523
85337927
85374323
85410727
85447123
85483527
85519923
85556327
85592723
85629127
85665523
85701955
85738327
85774723
85811127
85847523
85883927
85920323
85956727
85993123
86029527
86065923
86102353
86138725
86175129
86211525
86247929
86284325
86320729
86357125
86393529
86429925
86466329
86502725
86539149
86575529
86611925
86648329
86684725
86721129
86757525
86793929
86830325
86866729
86903125
86939549
86975929
87012325
87048729
87085125
87121529
87157925
87194329
87230725
87267129
87303525
87339929
87376353
87412725
87449129
87485525
87521929
87558325
87594729
87631125
87667529
87703925
87740329
87776753
87813125
87849529
87885925
87922329
87958725
87995129
88031525
88067929
88104325
88140729
88177125
88213555
88249927
88286323
88322727
88359123
88395527
88431923
88468327
88504723
88541127
88577523
88613955
88650327
88686723
88723127
88759523
88795927
88832323
88868727
88905123
88941527
88977923
89014327
89050751
89087123
89123527
89159923
89196327
89232723
89269127
89305523
89341927
89378323
89414727
89451123
89487529
89523925
89560329
89596725
89633129
89669525
89705929
89742325
89778729
89815125
89851529
89887953
89924325
89960729
89997125
90033529
90069925
90106329
90142725
90179129
90215525
90251929
90288325
90324755
90361127
90397523
90433927
90470323
90506727
90543123
90579527
90615923
90652327
90688723
90725155
90761527
90797923
90834327
90870723
90907127
90943523
90979927
91016323
91052727
91089123
91125527
91161951
91198323
91234727
91271123
91307527
91343923
91380327
91416723
91453127
91489523
91525927
91562351
91598723
91635127
91671523
91707927
91744323
91780727
91817123
91853527
91889923
91926327
91962723
91999155
92035527
92071923
92108327
92144723
92181127
92217523
92253927
92290323
92326727
92363123
92399553
92435925
92472329
92508725
92545129
92581525
92617929
92654325
92690729
92727125
92763529
92799925
92836349
92872729
92909125
92945529
92981925
93018329
93054725
93091129
93127525
93163929
93200325
93236749
93273129
93309525
93345929
93382325
93418729
93455125
93491529
93527925
93564329
93600725
93637129
93673553
93709925
93746329
93782725
93819129
93855525
93891929
93928325
93964729
94001125
94037529
94073953
94110325
94146729
94183125
94219529
94255925
94292329
94328725
94365129
94401525
94437929
94474325
94510755
94547127
94583523
94619927
94656323
94692727
94729123
94765527
94801923
94838327
94874723
94911127
94947525
94983929
95020325
95056729
95093125
95129529
95165925
95202329
95238725
95275129
95311525
95347949
95384329
95420725
95457129
95493525
95529929
95566325
95602729
95639125
95675529
95711925
95748329
95784753
95821125
95857529
95893925
95930329
95966725
96003129
96039525
96075929
96112325
96148729
96185153
96221525
96257929
96294325
96330729
96367125
96403529
96439925
96476329
96512725
96549129
96585525
96621955
96658327
96694723
96731127
96767523
96803927
96840323
96876727
96913123
96949527
96985923
97022355
97058727
97095123
97131527
97167923
97204327
97240723
97277127
97313523
97349927
97386323
97422727
97459151
97495523
97531927
97568323
97604727
97641123
97677527
97713923
97750327
97786723
97823127
97859551
97895923
97932327
97968723
98005127
98041523
98077927
98114323
98150727
98187123
98223527
98259923
98296355
98332727
98369123
98405527
98441923
98478327
98514723
98551127
98587523
98623927
98660323
98696753
98733125
98769529
98805925
98842329
98878725
98915129
98951525
98987929
99024325
99060729
99097125
99133549
99169929
99206325
99242729
99279125
99315529
99351925
99388329
99424725
99461129
99497525
99533949
99570329
99606725
99643129
99679525
99715929
99752325
99788729
99825125
99861529
99897925
99934329
99970753
100007125
100047165
100087205
100127245
100167285
100207325
100247365
100287405
100327445
100367485
100407553
100447569
100487609
100527649
100567689
100607729
100647769
100687809
100727849
100767889
100807955
100847963
100888003
100928043
100968083
101008123
101048163
101088203
101128243
101168283
101208323
101248391
101288407
101328447
101368487
101408527
101448567
101488607
101528647
101568687
101608727
101648795
101688803
101728843
101768883
101808923
101848963
101889003
101929043
101969083
102009123
102049163
102089231
102129247
102169287
102209327
102249367
102289407
102329447
102369487
102409527
102449567
102489635
102529643
102569683
102609723
102649763
102689803
102729843
102769883
102809923
102849963
102890003
102930069
102970085
103010125
103050165
103090205
103130245
103170285
103210325
103250365
103290405
103330473
103370489
103410529
103450569
103490609
103530649
103570689
103610729
103650769
103690809
103730849
103770889
103810929
103850969
103891009
103931049
103971089
104011129
104051169
104091209
104131249
104171309
104211325
104251365
104291405
104331445
104371485
104411525
104451565
104491605
104531645
104572053
104611725
104651765
104691805
104731845
104771885
104811925
104851965
104892005
104932045
104972085
105012151
105052167
105092207
105132247
105172287
105212327
105252367
105292407
105332447
105372487
105412555
105452563
105492603
105532643
105572683
105612723
105652763
105692803
105732843
105772883
105812923
105852991
105893007
105933047
105973087
106013127
106053167
106093207
106133247
106173287
106213327
106253395
106293403
106333443
106373483
106413523
106453563
106493603
106533643
106573683
106613723
106653763
106693831
106733847
106773887
106813927
106853967
106894007
106934047
106974087
107014127
107054167
107094233
107134249
107174289
107214329
107254369
107294409
107334449
107374489
107414529
107454569
107494609
107534669
107574685
107614725
107654765
107694805
107734845
107774885
107814925
107854965
107895005
107935073
107975089
108015129
108055169
108095209
108135249
108175289
108215329
108255369
108295409
108335449
108375509
108415525
108455565
108495605
108535645
108575685
108615725
108655765
108695805
108735845
108775913
108815929
108855969
108896009
108936049
108976089
109016129
109056169
109096209
109136249
109176289
109216355
109256363
109296403
109336443
109376483
109416523
109456563
109496603
109536643
109576683
109616751
109656767
109696807
109736847
109776887
109816927
109856967
109897007
109937047
109977087
110017127
110057195
110097203
110137243
110177283
110217323
110257363
110297403
110337443
110377483
110417523
110457591
110497607
110537647
110577687
110617727
110657767
110697807
110737847
110777887
110817927
110857967
110898035
110938043
110978083
111018123
111058163
111098203
111138243
111178283
111218323
111258363
111298429
111338445
111378485
111418525
111458565
111498605
111538645
111578685
111618725
111658765
111698805
111738873
111778889
111818929
111858969
111899009
111939049
111979089
112019129
112059169
112099209
112139269
112179285
112219325
112259365
112299405
112339445
112379485
112419525
112459565
112499605
112539645
112579713
112619729
112659769
112699809
112739849
112779889
112819929
112859969
112900009
112940049
112980109
113020125
113060165
113100205
113140245
113180285
113220325
113260365
113300405
113340445
113380485
113420551
113460567
113500607
113540647
113580687
113620727
113660767
113700807
113740847
113780887
113820955
113860963
113901003
113941043
113981083
114021123
114061163
114101203
114141243
114181283
114221323
114261391
114301407
114341447
114381487
114421527
114461567
114501607
114541647
114581687
114621727
114661795
114701803
114741843
114781883
114821923
114861963
114902003
114942043
114982083
115022123
115062163
115102231
115142247
115182287
115222327
115262367
115302407
115342447
115382487
115422527
115462567
115502633
115542649
115582689
115622729
115662769
115702809
115742849
115782889
115822929
115862969
115903009
115943069
115983085
116023125
116063165
116103205
116143245
116183285
116223325
116263365
116303405
116343473
116383489
116423529
116463569
116503609
116543649
116583689
116623729
116663769
116703809
116743849
116783909
116823925
116863965
116904005
116944045
116984085
117024125
117064165
117104205
117144245
117184313
117224329
117264369
117304409
117344449
117384489
117424529
117464569
117504609
117544649
117584689
117624755
117664763
117704803
117744843
117784883
117824923
117864963
117905003
117945043
117985083
118025151
118065167
118105207
118145247
118185287
118225327
118265367
118305407
118345447
118385487
118425527
118465595
118505603
118545643
118585683
118625723
118665763
118705803
118745843
118785883
118825923
118865991
118906007
118946047
118986087
119026127
119066167
119106207
119146247
119186287
119226327
119266367
119306435
