129171 9
165565 9
201967 9
238369 8
274771 8
311165 8
347567 9
383969 9
420391 10
460409 10
500451 11
540485 10
580527 10
620569 10
660611 10
700645 10
740687 9
777089 9
813491 9
849913 9
886291 11
926325 10
966367 11
1006409 11
1050085 12
1093769 11
1137445 11
1181129 11
1224805 11
1268517 11
1312169 11
1355845 12
1399529 12
1443205 12
1486889 11
1530565 12
1574249 12
1617925 13
1661609 12
1705313 11
1748965 12
1792649 12
1836325 12
1880009 13
1923685 12
1967369 12
2011045 12
2054729 11
2098431 12
2142091 11
2185767 12
2229451 12
2273127 13
2316811 12
2360487 12
2404171 12
2447847 12
2491531 12
2535235 12
2578887 12
2622571 12
2666247 13
2709931 13
2753607 13
2797291 12
2840967 12
2884651 12
2928327 12
2972031 13
3015691 13
3059367 13
3103051 13
3146727 13
3190411 12
3234087 13
3277771 12
3321447 13
3365151 13
3408811 13
3452487 13
3496171 14
3539847 13
3583531 13
3627207 13
3670891 13
3714567 12
3758251 13
3801955 12
3845607 12
3889291 14
3932967 13
3976651 13
4020327 13
4064011 12
4107687 13
4151371 13
4195073 13
4238725 12
4282409 14
4326085 13
4369769 13
4413445 12
4457129 13
4500805 13
4544489 14
4588165 13
4631877 14
4675529 13
4719205 12
4762889 13
4806565 12
4850249 13
4893925 13
4937609 14
4981285 13
5024969 13
5068673 13
5112325 14
5156009 14
5199685 15
5243369 13
5287045 14
5330729 14
5374405 13
5418089 13
5461793 13
5505445 13
5549129 12
5592805 13
5636489 12
5680165 15
5723849 14
5767525 14
5811209 14
5854885 14
5898597 13
5942249 13
5985925 14
6029609 12
6073285 13
6116969 13
6160645 12
6204329 13
6248005 14
6292077 14
6335369 14
6379045 14
6422729 14
6466405 14
6510089 13
6553765 13
6597449 13
6641125 13
6684809 12
6728513 13
6772165 12
6815849 14
6859525 14
6903209 13
6946885 14
6990569 13
7034245 13
7077929 14
7121605 14
7165317 15
7208969 13
7252645 14
7296329 13
7340005 13
7383689 14
7427365 14
7471049 14
7514725 14
7558437 14
7602089 13
7645765 14
7689449 13
7733125 13
7776809 15
7820485 13
7864169 14
7907845 14
7951529 13
7995233 14
8038885 13
8082569 14
8126245 14
8169929 13
8213605 13
8257289 13
8300965 14
8344649 13
8388325 14
8432035 14
8475687 13
8519371 14
8563047 14
8606731 13
8650407 13
8694091 14
8737767 13
8781451 14
8825155 14
8868807 14
8912491 13
8956167 14
8999851 14
9043527 14
9087211 14
9130887 13
9174571 14
9218247 13
9261951 13
9305611 14
9349287 14
9392971 15
9436647 14
9480331 14
9524007 14
9567691 14
9611367 14
9655071 14
9698731 13
9742407 13
9786091 14
9829767 14
9873451 14
9917127 14
9960811 14
10004487 13
10051811 15
10099155 14
10146447 15
10193771 14
10241087 13
10288411 15
10335727 15
10383051 15
10430367 16
10477691 15
10525033 14
10572325 15
10619649 14
10666965 14
10714289 14
10761605 15
10808929 15
10856245 15
10903569 15
10950913 15
10998205 15
11045529 15
11092845 15
11140169 15
11187485 15
11234809 15
11282125 16
11329449 14
11376793 15
11424085 15
11471409 16
11518725 15
11566049 15
11613365 15
11660689 15
11708005 15
11755357 15
11802649 15
11849965 15
11897289 14
11944605 15
11991929 14
12039245 14
12086569 16
12133885 14
12181237 15
12228529 14
12275845 15
12323169 15
12370485 15
12417809 15
12465125 15
12512449 14
12559765 15
12607115 14
12654407 15
12701731 15
12749047 15
12796371 15
12843687 15
12891011 16
12938327 15
12985651 15
13032995 14
13080287 15
13127611 16
13174927 14
13222251 15
13269567 15
13316891 16
13364207 15
13411531 15
13458875 15
13506167 15
13553491 16
13600807 14
13648131 16
13695447 15
13742771 15
13790087 14
13837411 15
13884755 15
13932047 14
13979371 14
14026687 16
14074011 14
14121327 15
14168651 15
14215967 15
14263291 15
14310635 15
14357927 14
14405251 14
14452567 15
14499891 15
14547207 15
14594531 15
14641847 15
14689171 15
14736513 16
14783805 16
14831129 15
14878445 15
14925769 15
14973085 15
15020409 14
15067725 15
15115077 16
15162369 17
15209685 16
15257009 16
15304325 15
15351649 15
15398965 14
15446289 15
15493605 14
15540957 14
15588249 14
15635565 15
15682889 15
15730205 15
15777529 15
15824845 14
15872169 16
15919485 15
15966837 15
16014129 15
16061445 14
16108769 14
16156085 15
16203409 16
16250725 15
16298049 15
16345365 15
16392717 15
16440009 14
16487325 15
16534649 15
16581965 14
16629289 15
16676605 16
16723929 16
16771245 15
16818595 15
16865887 15
16913211 15
16960527 15
17007851 14
17055167 15
17102491 16
17149807 16
17197131 15
17244475 15
17291767 15
17339091 15
17386407 15
17433731 15
17481047 14
17528371 15
17575687 14
17623011 16
17670355 15
17717647 15
17764971 15
17812287 15
17859611 14
17906927 14
17954251 15
18001567 16
18048891 15
18096235 15
18143527 14
18190851 15
18238167 15
18285491 15
18332807 15
18380131 15
18427447 15
18474791 14
18522091 16
18569407 16
18616731 15
18664047 15
18711371 15
18758687 15
18806011 15
18853327 14
18900677 16
18947969 16
18995285 15
19042609 15
19089925 15
19137249 14
19184565 15
19231889 16
19279205 14
19326557 15
19373849 15
19421165 14
19468489 15
19515805 15
19563129 15
19610445 15
19657769 15
19705085 15
19752437 14
19799729 15
19847045 15
19894369 15
19941685 15
19989009 14
20036325 15
20083649 15
20130965 15
20178317 15
20225609 14
20272925 16
20320249 15
20367565 15
20414889 15
20462205 15
20509529 15
20556845 15
20604197 16
20651489 15
20698805 15
20746129 15
20793445 15
20840769 16
20888085 15
20935409 15
20982725 15
21030075 15
21077367 14
21124691 15
21172007 15
21219331 16
21266647 14
21313971 15
21361287 14
21408611 15
21455955 15
21503247 15
21550571 15
21597887 15
21645211 15
21692527 15
21739851 15
21787167 15
21834511 15
21881811 14
21929127 15
21976451 14
22023767 15
22071091 14
22118407 15
22165731 16
22213047 16
22260391 15
22307691 15
22355007 14
22402331 15
22449647 15
22496971 15
22544287 16
22591611 15
22638927 14
22686271 16
22733571 15
22780887 15
22828211 15
22875527 15
22922851 15
22970167 15
23017491 15
23064807 16
23112157 15
23159449 15
23206765 15
23254089 14
23301405 15
23348729 15
23396045 14
23443369 16
23490685 15
23538037 15
23585329 15
23632645 14
23679969 14
23727285 16
23774609 15
23821925 15
23869249 14
23916565 15
23963917 14
24011209 16
24058525 17
24105849 15
24153165 16
24200489 15
24247805 15
24295129 15
24342445 14
24389797 14
24437089 13
24484405 16
24531729 15
24579045 16
24626369 15
24673685 15
24721009 16
24768325 15
24815677 15
