140013 1
179325 1
213605 1
240269 1
268497 1
293257 1
319581 1
342641 1
369101 1
390325 1
414399 1
433111 1
455899 1
474743 1
494743 1
512567 1
533655 1
550323 1
564747 1
578763 1
594139 1
607543 1
622647 1
635711 1
651291 1
665919 1
680003 1
692455 1
705655 1
717291 1
730831 1
742943 1
756823 1
769887 1
783087 1
792411 1
804931 1
816635 1
827931 1
836993 1
849179 1
861087 1
873335 1
881979 1
891711 1
901239 1
912263 1
921519 1
932407 1
942207 1
953299 1
963099 1
972695 1
980931 1
989983 1
998287 1
1008563 1
1018227 1
1029523 1
1038915 1
1047763 1
1055183 1
1063487 1
1071247 1
1080503 1
1089079 1
1099083 1
1108135 1
1118479 1
1127599 1
1135767 1
1141759 1
1149655 1
1158231 1
1167419 1
1174499 1
1183891 1
1193555 1
1202335 1
1208123 1
1214999 1
1222147 1
1230655 1
1237395 1
1245087 1
1252955 1
1262489 1
1269977 1
1278009 1
1285021 1
1292509 1
1299453 1
1308097 1
1315993 1
1324433 1
1331581 1
1339137 1
1345809 1
1352685 1
1358813 1
1366845 1
1374333 1
1381889 1
1388629 1
1397613 1
1405917 1
1413813 1
1419533 1
1426273 1
1432673 1
1439413 1
1445337 1
1452825 1
1459769 1
1467053 1
1473385 1
1481213 1
1488565 1
1495985 1
1501977 1
1509057 1
1515661 1
1522809 1
1528937 1
1536561 1
1543437 1
1549973 1
1555149 1
1561753 1
1568221 1
1575233 1
1581089 1
1588373 1
1595385 1
1602533 1
1607777 1
1613633 1
1619081 1
1624665 1
1629433 1
1635969 1
1642301 1
1648361 1
1653197 1
1659597 1
1666473 1
1673529 1
1678915 1
1685655 1
1692531 1
1700223 1
1706079 1
1712819 1
1719559 1
1727659 1
1733651 1
1739711 1
1745091 1
1750403 1
1754831 1
1760891 1
1766883 1
1772739 1
1777303 1
1783295 1
1789355 1
1795891 1
1801067 1
1807467 1
1813527 1
1820199 1
1826055 1
1833407 1
1840079 1
1846955 1
1851927 1
1857375 1
1862483 1
1867591 1
1871951 1
1878079 1
1884003 1
1889723 1
1894151 1
1899871 1
1905931 1
1912535 1
1917643 1
1923771 1
1929695 1
1936299 1
1942223 1
1949439 1
1955771 1
1961559 1
1965715 1
1970959 1
1976135 1
1981583 1
1986215 1
1992139 1
1997723 1
2003239 1
2007735 1
2013863 1
2020127 1
2026255 1
2031023 1
2037151 1
2043347 1
2049883 1
2054923 1
2060779 1
2066431 1
2072355 1
2077055 1
2082911 1
2088359 1
2093889 1
2098187 1
2103975 1
2109559 1
2115211 1
2119775 1
2125495 1
2130875 1
2136119 1
2140275 1
2145927 1
2151511 1
2157027 1
2161251 1
2166699 1
2172283 1
2178411 1
2183247 1
2189171 1
2194823 1
2200747 1
2205515 1
2210827 1
2215663 1
2220431 1
2224315 1
2229627 1
2235143 1
2240591 1
2244747 1
2250127 1
2255371 1
2261091 1
2265791 1
2271715 1
2277163 1
2282679 1
2287175 1
2292623 1
2297459 1
2302091 1
2305567 1
2310267 1
2315307 1
2320551 1
2324707 1
2329815 1
2334787 1
2339759 1
2343915 1
2349567 1
2355219 1
2360599 1
2364755 1
2370135 1
2375719 1
2381711 1
2386615 1
2392267 1
2397307 1
2401871 1
2405551 1
2410523 1
2415699 1
2421147 1
2425303 1
2430411 1
2435451 1
2440491 1
2444851 1
2450775 1
2456427 1
2461875 1
2466099 1
2471819 1
2477607 1
2483191 1
2487143 1
2491911 1
2496407 1
2500903 1
2504515 1
2509623 1
2514773 1
2519819 1
2523635 1
2528539 1
2533511 1
2538687 1
2543115 1
2548631 1
2553943 1
2558983 1
2563139 1
2568791 1
2574375 1
2579551 1
2583231 1
2587591 1
2592019 1
2596515 1
2600195 1
2605371 1
2610411 1
2615315 1
2618995 1
2623763 1
2628667 1
2633911 1
2638271 1
2643719 1
2648759 1
2653731 1
2657819 1
2663471 1
2669191 1
2674843 1
2678863 1
2683495 1
2687787 1
2691943 1
2695147 1
2699575 1
2704207 1
2708839 1
2712383 1
2716879 1
2721307 1
2725735 1
2729347 1
2734319 1
2739291 1
2744127 1
2747739 1
2752507 1
2757343 1
2762315 1
2766539 1
2771851 1
2776959 1
2781999 1
2786019 1
2791467 1
2796983 1
2802703 1
2807131 1
2812307 1
2816939 1
2821367 1
2824707 1
2829407 1
2834175 1
2839147 1
2843031 1
2847935 1
2852703 1
2857539 1
2861423 1
2866667 1
2871571 1
2876067 1
2879339 1
2883495 1
2887719 1
2892011 1
2895487 1
2900187 1
2904887 1
2909451 1
2912859 1
2917423 1
2921987 1
2926823 1
2930639 1
2935791 1
2940633 1
2945401 1
2949081 1
2954053 1
2959297 1
2964609 1
2968765 1
2973941 1
2979049 1
2984293 1
2988721 1
2994373 1
2999481 1
3004181 1
3007589 1
3012085 1
3016785 1
3021621 1
3025369 1
3030137 1
3034769 1
3039265 1
3042809 1
3047645 1
3052481 1
3057385 1
3061201 1
3065969 1
3070737 1
3075505 1
3079185 1
3084021 1
3088789 1
3093353 1
3096829 1
3101393 1
3105889 1
3110521 1
3114201 1
3119037 1
3123737 1
3128369 1
3132049 1
3136953 1
3141857 1
3146761 1
3150509 1
3155277 1
3159705 1
3163861 1
3166929 1
3171017 1
3175241 1
3179669 1
3183349 1
3188117 1
3192681 1
3197041 1
3200381 1
3204945 1
3209645 1
3214549 1
3218433 1
3223337 1
3228037 1
3232669 1
3236485 1
3241593 1
3246905 1
3252149 1
3256169 1
3261209 1
3265841 1
3270201 1
3273269 1
3277221 1
3281377 1
3285533 1
3288941 1
3293573 1
3298069 1
3302497 1
3305769 1
3310061 1
3314489 1
3319121 1
3322801 1
3327705 1
3332405 1
3336969 1
3340513 1
3345281 1
3350253 1
3355337 1
3359363 1
3364403 1
3369307 1
3374007 1
3377415 1
3381639 1
3385727 1
3389747 1
3392679 1
3396835 1
3401059 1
3405419 1
3408691 1
3413119 1
3417411 1
3421635 1
3424907 1
3429335 1
3433899 1
3438531 1
3442075 1
3446639 1
3451271 1
3455767 1
3459379 1
3464215 1
3469119 1
3474023 1
3477839 1
3482607 1
3487171 1
3491463 1
3494735 1
3499027 1
3503387 1
3507815 1
3511291 1
3515923 1
3520419 1
3524915 1
3528459 1
3533091 1
3537723 1
3542423 1
3546103 1
3551007 1
3555775 1
3560679 1
3564359 1
3568787 1
3573011 1
3577099 1
3580031 1
3584051 1
3588343 1
3592567 1
3595839 1
3600267 1
3604627 1
3608851 1
3612123 1
3616551 1
3620979 1
3625679 1
3629223 1
3633855 1
3638419 1
3642983 1
3646595 1
3651431 1
3656335 1
3661035 1
3664511 1
3668735 1
3672687 1
3676435 1
3679231 1
3683115 1
3687135 1
3691359 1
3694563 1
3698923 1
3703079 1
3707099 1
3710099 1
3714187 1
3718479 1
3722907 1
3726383 1
3730879 1
3735239 1
3739463 1
3742803 1
3747299 1
3751931 1
3756699 1
3760311 1
3765011 1
3769643 1
3774183 1
3777869 1
3782841 1
3787609 1
3791969 1
3795105 1
3799193 1
3803281 1
3807369 1
3810641 1
3815137 1
3819633 1
3823993 1
3827333 1
3831693 1
3836121 1
3840549 1
3844025 1
3848657 1
3853221 1
3857717 1
3861193 1
3865961 1
3870661 1
3875497 1
3879177 1
3883945 1
3888305 1
3892257 1
3895121 1
3898869 1
3902685 1
3906365 1
3909161 1
3913113 1
3917065 1
3921017 1
3923949 1
3927833 1
3931785 1
3935737 1
3938737 1
3942893 1
3947049 1
3951205 1
3954341 1
3958497 1
3962653 1
3966809 1
3970081 1
3974441 1
3978869 1
3983229 1
3986637 1
3991065 1
3995493 1
3999989 1
4003533 1
4008233 1
4012933 1
4017565 1
4021177 1
4026013 1
4030849 1
4035617 1
4039161 1
4043725 1
4047949 1
4052037 1
4055037 1
4059261 1
4063621 1
4068049 1
4071525 1
4076089 1
4080585 1
4084877 1
4088081 1
4092169 1
4096189 1
4100005 1
4102869 1
4106753 1
4110841 1
4114929 1
4118065 1
4122289 1
4126445 1
4130465 1
4133533 1
4137689 1
4141981 1
4146137 1
4149273 1
4153293 1
4157381 1
4161401 1
4164537 1
4168829 1
4173121 1
4177413 1
4180685 1
4184977 1
4189269 1
4193305 1
4196447 1
4200535 1
4204623 1
4208779 1
4211983 1
4216275 1
4220635 1
4224995 1
4228199 1
4232559 1
4236919 1
4241279 1
4244483 1
4248707 1
4252999 1
4257223 1
4260563 1
4264991 1
4269283 1
4273235 1
4275963 1
4279643 1
4283323 1
4287003 1
4289799 1
4293819 1
4297907 1
4301995 1
4304995 1
4308879 1
4312763 1
4316579 1
4319579 1
4323803 1
4328163 1
4332455 1
4335591 1
4339679 1
4343767 1
4347855 1
4351195 1
4355759 1
4360255 1
4364615 1
4367683 1
4371635 1
4375451 1
4379199 1
4382131 1
4386151 1
4390239 1
4393987 1
4396715 1
4400327 1
4404075 1
4407755 1
4410687 1
4414707 1
4418659 1
4422407 1
4425203 1
4429019 1
4432903 1
4436787 1
4439855 1
4444079 1
4448235 1
4452255 1
4455187 1
4459275 1
4463431 1
4467655 1
4470995 1
4475423 1
4479783 1
4484007 1
4487211 1
4491639 1
4496067 1
4500699 1
4504311 1
4508943 1
4513575 1
4518003 1
4520935 1
4524615 1
4528227 1
4531499 1
4533955 1
4537363 1
4540975 1
4544791 1
4547655 1
4551539 1
4555423 1
4558967 1
4561627 1
4565171 1
4568987 1
4572803 1
4576007 1
4580231 1
4584251 1
4588067 1
4590863 1
4594611 1
4598631 1
4602719 1
4605991 1
4610419 1
4614685 1
4618711 1
4621711 1
4625867 1
4630159 1
4634655 1
4638199 1
4642763 1
4647191 1
4651415 1
4654687 1
4659251 1
4664087 1
4668719 1
4671787 1
4675603 1
4679283 1
4682759 1
4685351 1
4688963 1
4692847 1
4696799 1
4699799 1
4703751 1
4707635 1
4711315 1
4714043 1
4717859 1
4721947 1
4726103 1
4729375 1
4733531 1
4737619 1
4741367 1
4744163 1
4747843 1
4751523 1
4755135 1
4757863 1
4761611 1
4765563 1
4769379 1
4772311 1
4776127 1
4780079 1
4783827 1
4786759 1
4790779 1
4794867 1
4798887 1
4801955 1
4805975 1
4810063 1
4813879 1
4816879 1
4820899 1
4824919 1
4828871 1
4831871 1
4835959 1
4840115 1
4844203 1
4847339 1
4851563 1
4855855 1
4860079 1
4863283 1
4867643 1
4871935 1
4875955 1
4878887 1
4882567 1
4886247 1
4889791 1
4892383 1
4896063 1
4899947 1
4903763 1
4906695 1
4910579 1
4914463 1
4918143 1
4920939 1
4924823 1
4928843 1
4932931 1
4936067 1
4940223 1
4944311 1
4948195 1
4951195 1
4955351 1
4959643 1
4964003 1
4967207 1
4971295 1
4975043 1
4978519 1
4980975 1
4984383 1
4987927 1
4991471 1
4994267 1
4998219 1
5002171 1
5005851 1
5008579 1
5012191 1
5015871 1
5019551 1
5022483 1
5026571 1
5030795 1
5034723 1
5037661 1
5041477 1
5045429 1
5049381 1
5052517 1
5056741 1
5061033 1
5065121 1
5068121 1
5072141 1
5076229 1
5080249 1
5083113 1
5086997 1
5090813 1
5094493 1
5097221 1
5100901 1
5104785 1
5108601 1
5111397 1
5115145 1
5119097 1
5122913 1
5125845 1
5129729 1
5133681 1
5137497 1
5140361 1
5144245 1
5148265 1
5152285 1
5155353 1
5159373 1
5163325 1
5167209 1
5170073 1
5174093 1
5178249 1
5182405 1
5185677 1
5189901 1
5193989 1
5197805 1
5200465 1
5204009 1
5207485 1
5210893 1
5213417 1
5217097 1
5220981 1
5224797 1
5227661 1
5231477 1
5235225 1
5238837 1
5241497 1
5245381 1
5249401 1
5253489 1
5256625 1
5260645 1
5264665 1
5268549 1
5271413 1
5275433 1
5279453 1
5283337 1
5286201 1
5289881 1
5293629 1
5297173 1
5299765 1
5303377 1
5307193 1
5311009 1
5313941 1
5317893 1
5321845 1
5325593 1
5328457 1
5332341 1
5336361 1
5340245 1
5343177 1
5347061 1
5351013 1
5354761 1
5357557 1
5361373 1
5365257 1
5369073 1
5372005 1
5376093 1
5380249 1
5384269 1
5387337 1
5391357 1
5395513 1
5399669 1
5402873 1
5407233 1
5411593 1
5415817 1
5418953 1
5423041 1
5426993 1
5430537 1
5433061 1
5436537 1
5440013 1
5443421 1
5446149 1
5449965 1
5453891 1
5457781 1
5460645 1
5464393 1
5468141 1
5471821 1
5474549 1
5478501 1
5482589 1
5486677 1
5489745 1
5493765 1
5497717 1
5501533 1
5504397 1
5508281 1
5512437 1
5516525 1
5519661 1
5523885 1
5527973 1
5532061 1
5534993 1
5539081 1
5543237 1
5547189 1
5550053 1
5553733 1
5557345 1
5560753 1
5563209 1
5566685 1
5570297 1
5573841 1
5576637 1
5580385 1
5584269 1
5587881 1
5590609 1
5594221 1
5597969 1
5601649 1
5604581 1
5608533 1
5612621 1
5616505 1
5619369 1
5623253 1
5627137 1
5631021 1
5634089 1
5638313 1
5642605 1
5646761 1
5649897 1
5654053 1
5658209 1
5662161 1
5665025 1
5668773 1
5672317 1
5675657 1
5678045 1
5681385 1
5684929 1
5688405 1
5691065 1
5694745 1
5698493 1
5702105 1
5704697 1
5708309 1
5711989 1
5715601 1
5718329 1
5722213 1
5726165 1
5730049 1
5732913 1
5736729 1
5740681 1
5744497 1
5747497 1
5751585 1
5755741 1
5759897 1
5763033 1
5767189 1
5771345 1
5775501 1
5778705 1
5782997 1
5787017 1
5790765 1
5793425 1
5796969 1
5800513 1
5804057 1
5806785 1
5810737 1
5814825 1
5818777 1
5821709 1
5825525 1
5829341 1
5833021 1
5835885 1
5839973 1
5844265 1
5848557 1
5851761 1
5855849 1
5859869 1
5863685 1
5866413 1
5870025 1
5873679 1
5877161 1
5879753 1
5883297 1
5886977 1
5890589 1
5893317 1
5897065 1
5900881 1
5904561 1
5907357 1
5911105 1
5914921 1
5918737 1
5921601 1
5925485 1
5929301 1
5932777 1
5935301 1
5938777 1
5942253 1
5945729 1
5948321 1
5952001 1
5955885 1
5959633 1
5962361 1
5965973 1
5969721 1
5973265 1
5975993 1
5979809 1
5983761 1
5987713 1
5990645 1
5994597 1
5998549 1
6002297 1
6005161 1
6009181 1
6013337 1
6017561 1
6020765 1
6024989 1
6029145 1
6033165 1
6036233 1
6040525 1
6044885 1
6048973 1
6051837 1
6055449 1
6059061 1
6062401 1
6064857 1
6068401 1
6072149 1
6075829 1
6078761 1
6082577 1
6086393 1
6090005 1
6092665 1
6096345 1
6100161 1
6103977 1
6106977 1
6111065 1
6115153 1
6119037 1
6121901 1
6125717 1
6129465 1
6132941 1
6135329 1
6138669 1
6142077 1
6145417 1
6147873 1
6151417 1
6155097 1
6158709 1
6161301 1
6164845 1
6168389 1
6171797 1
6174389 1
6177933 1
6181681 1
6185429 1
6188225 1
6192109 1
6195925 1
6199469 1
6202197 1
6205945 1
6209829 1
6213645 1
6216713 1
6220801 1
6224889 1
6228841 1
6231773 1
6235725 1
6239745 1
6243833 1
6247037 1
6251397 1
6255485 1
6259233 1
6261961 1
6265437 1
6268913 1
6272253 1
6274709 1
6278321 1
6282137 1
6285953 1
6288817 1
6292581 1
6296335 1
6299947 1
6302471 1
6306083 1
6309899 1
6313783 1
6316783 1
6320871 1
6324823 1
6328707 1
6331435 1
6335251 1
6339203 1
6343155 1
6346291 1
6350583 1
6354807 1
6358895 1
6361759 1
6365439 1
6369051 1
6372459 1
6375051 1
6378595 1
6382275 1
6385819 1
6388615 1
6392295 1
6396043 1
6399723 1
6402383 1
6406063 1
6409879 1
6413559 1
6416423 1
6420375 1
6424327 1
6428143 1
6430871 1
6434415 1
6437891 1
6441299 1
6443755 1
6447231 1
6450843 1
6454319 1
6456979 1
6460659 1
6464407 1
6467951 1
6470611 1
6474223 1
6477971 1
6481651 1
6484447 1
6488331 1
6492215 1
6496031 1
6498827 1
6502643 1
6506595 1
6510479 1
6513411 1
6517499 1
6521587 1
6525607 1
6528607 1
6532491 1
6536103 1
6539375 1
6541627 1
6544763 1
6547967 1
6551035 1
6553355 1
6556763 1
6560443 1
6563919 1
6566511 1
6569987 1
6573395 1
6576599 1
6578919 1
6582259 1
6585803 1
6589347 1
6592075 1
6595823 1
6599571 1
6603047 1
6605503 1
6608911 1
6612455 1
6615999 1
6618727 1
6622679 1
6626631 1
6630447 1
6633175 1
6636787 1
6640467 1
6644079 1
6646943 1
6650963 1
6655119 1
6659207 1
6662207 1
6666091 1
6670043 1
6673859 1
6676927 1
6681219 1
6685511 1
6689395 1
6691987 1
6695463 1
6698939 1
6702279 1
6704871 1
6708619 1
6712681 1
6716571 1
6719503 1
6723183 1
6726795 1
6730135 1
6732523 1
6735795 1
6739203 1
6742407 1
6744727 1
6747999 1
6751475 1
6754815 1
6757339 1
6760815 1
6764291 1
6767631 1
6770087 1
6773495 1
6777039 1
6780515 1
6783107 1
6786719 1
6790467 1
6794011 1
6796671 1
6800215 1
6803895 1
6807439 1
6810167 1
6813915 1
6817867 1
6821683 1
6824479 1
6828227 1
6832111 1
6835791 1
6838723 1
6842675 1
6846695 1
6850715 1
6853783 1
6857735 1
6861755 1
6865571 1
6868299 1
6871775 1
6875319 1
6878727 1
6881251 1
6884727 1
6888407 1
6891951 1
6894679 1
6898359 1
6902107 1
6905651 1
6908243 1
6911923 1
6915671 1
6919419 1
6922215 1
6926167 1
6930051 1
6933799 1
6936595 1
6940343 1
6944023 1
6947363 1
6949615 1
6952751 1
6956091 1
6959227 1
6961547 1
6964819 1
6968363 1
6971771 1
6974295 1
6977635 1
6981043 1
6984247 1
6986635 1
6989907 1
6993451 1
6996927 1
6999587 1
7003199 1
7006879 1
7010287 1
7012743 1
7016151 1
7019763 1
7023307 1
7026035 1
7029851 1
7033735 1
7037415 1
7040075 1
7043687 1
7047367 1
7051047 1
7053911 1
7057931 1
7062019 1
7065903 1
7068767 1
7072583 1
7076467 1
7080351 1
7083419 1
7087507 1
7091527 1
7095139 1
7097731 1
7101139 1
7104683 1
7108023 1
7110615 1
7114227 1
7118043 1
7121791 1
7124519 1
7128199 1
7131855 1
7135337 1
7138065 1
7141745 1
7145561 1
7149037 1
7151493 1
7154697 1
7158037 1
7161173 1
7163425 1
7166697 1
7170173 1
7173581 1
7176105 1
7179513 1
7182989 1
7186261 1
7188581 1
7191921 1
7195465 1
7198941 1
7201601 1
7205281 1
7208961 1
7212505 1
7215029 1
7218437 1
7222049 1
7225525 1
7228253 1
7232137 1
7236021 1
7239837 1
7242565 1
7246177 1
7249925 1
7253673 1
7256537 1
7260557 1
7264645 1
7268665 1
7271597 1
7275413 1
7279365 1
7283317 1
7286385 1
7290473 1
7294357 1
7297765 1
7300153 1
7303425 1
7306697 1
7309833 1
7312153 1
7315561 1
7319241 1
7322853 1
7325513 1
7328989 1
7332465 1
7335737 1
7338125 1
7341533 1
7345213 1
7348893 1
7351757 1
7355573 1
7359321 1
7362797 1
7365321 1
7368797 1
7372545 1
7376293 1
7379293 1
7383381 1
7387401 1
7391081 1
7393741 1
7397489 1
7401305 1
7405121 1
7407849 1
7411529 1
7415141 1
7418481 1
7420937 1
7424277 1
7427821 1
7431229 1
7433889 1
7437569 1
7441385 1
7444929 1
7447521 1
7450997 1
7454677 1
7458221 1
7460949 1
7464697 1
7468717 1
7472465 1
7475261 1
7479009 1
7482757 1
7486505 1
7489369 1
7493321 1
7497477 1
7501497 1
7504497 1
7508449 1
7512333 1
7516081 1
7518809 1
7522489 1
7526169 1
7529577 1
7532169 1
7535713 1
7539461 1
7543141 1
7545937 1
7549617 1
7553271 1
7556617 1
7558937 1
7562073 1
7565345 1
7568481 1
7570801 1
7574209 1
7577753 1
7581161 1
7583685 1
7587025 1
7590501 1
7593705 1
7596093 1
7599501 1
7603045 1
7606589 1
7609317 1
7612929 1
7616541 1
7620017 1
7622541 1
7626017 1
7629629 1
7633241 1
7636037 1
7639853 1
7643737 1
7647417 1
7650145 1
7653825 1
7657573 1
7661321 1
7664185 1
7668205 1
7672293 1
7676177 1
7679109 1
7682925 1
7686877 1
7690829 1
7693897 1
7698053 1
7702073 1
7705685 1
7708345 1
7711753 1
7715297 1
7718637 1
7721161 1
7724705 1
7728453 1
7732065 1
7734725 1
7738405 1
7742085 1
7745629 1
7748289 1
7751969 1
7755785 1
7759601 1
7762465 1
7766349 1
7770233 1
7773913 1
7776641 1
7780389 1
7784069 1
7787477 1
7789933 1
7793273 1
7796749 1
7800089 1
7802613 1
7806089 1
7809769 1
7813313 1
7815905 1
7819517 1
7823129 1
7826605 1
7829197 1
7832877 1
7836693 1
7840373 1
7843169 1
7846917 1
7850733 1
7854413 1
7857141 1
7861025 1
7864977 1
7868929 1
7871861 1
7875881 1
7879833 1
7883649 1
7886513 1
7890397 1
7894349 1
7898029 1
7900621 1
7903893 1
7907233 1
7910369 1
7912689 1
7915893 1
7919301 1
7922709 1
7925301 1
7928709 1
7932253 1
7935593 1
7937981 1
7941321 1
7944797 1
7948205 1
7950797 1
7954409 1
7958157 1
7961769 1
7964361 1
7967837 1
7971693 1
7974845 1
7977437 1
7981049 1
7984797 1
7988409 1
7991205 1
7994885 1
7998633 1
8002177 1
8004905 1
8008653 1
8012537 1
8016353 1
8019285 1
8023169 1
8027053 1
8030869 1
8033733 1
8037685 1
8041705 1
8045725 1
8048725 1
8052473 1
8056085 1
8059425 1
8061813 1
8065153 1
8068697 1
8072105 1
8074765 1
8078377 1
8082125 1
8085601 1
8088125 1
8091601 1
8095213 1
8098757 1
8101485 1
8105233 1
8109117 1
8112865 1
8115593 1
8119273 1
8123021 1
8126633 1
8129497 1
8133381 1
8137469 1
8141353 1
8144217 1
8147829 1
8151305 1
8154509 1
8156761 1
8159965 1
8163305 1
8166441 1
8168897 1
8172305 1
8175849 1
8179121 1
8181577 1
8184849 1
8188189 1
8191461 1
8193917 1
8197325 1
8200937 1
8204413 1
8207005 1
8210549 1
8214093 1
8217501 1
8220025 1
8223501 1
8227181 1
8230793 1
8233521 1
8237269 1
8241017 1
8244629 1
8247289 1
8250969 1
8254785 1
8258465 1
8261397 1
8265281 1
8269301 1
8273117 1
8275981 1
8279797 1
8283749 1
8287701 1
8290769 1
8294925 1
8299081 1
8303033 1
8305761 1
8309373 1
8312985 1
8316393 1
8318849 1
8322257 1
8325869 1
8329345 1
8332073 1
8335753 1
8339501 1
8343113 1
8345841 1
8349453 1
8353133 1
8356813 1
8359473 1
8363017 1
8366629 1
8369901 1
8372221 1
8375357 1
8378697 1
8381765 1
8384085 1
8387425 1
8390901 1
8394325 1
8396855 1
8400263 1
8403739 1
8407011 1
8409467 1
8412807 1
8416419 1
8419827 1
8422487 1
8426099 1
8429847 1
8433323 1
8435915 1
8439391 1
8443071 1
8446615 1
8449343 1
8453159 1
8457043 1
8460723 1
8463519 1
8467199 1
8471015 1
8474695 1
8477491 1
8481375 1
8485463 1
8489347 1
8492211 1
8495891 1
8499435 1
8502775 1
8505163 1
8508503 1
8512047 1
8515455 1
8518047 1
8521727 1
8525475 1
8529087 1
8531611 1
8535155 1
8538767 1
8542311 1
8544971 1
8548719 1
8552603 1
8556487 1
8559283 1
8563031 1
8566643 1
8570051 1
8572235 1
8575235 1
8578303 1
8581099 1
8583147 1
8586079 1
8589283 1
8592419 1
8594807 1
8598079 1
8601487 1
8604623 1
8606739 1
8609739 1
8612875 1
8615943 1
8618127 1
8621467 1
8624943 1
8628351 1
8630807 1
8634147 1
8637487 1
8640555 1
8642807 1
8646011 1
8649419 1
8652827 1
8655419 1
8659031 1
8662711 1
8666051 1
8668507 1
8671779 1
8675255 1
8678527 1
8681119 1
8684799 1
8688615 1
8692363 1
8695023 1
8698635 1
8702247 1
8705655 1
8708247 1
8711927 1
8715811 1
8719695 1
8722627 1
8726511 1
8730327 1
8734007 1
8736735 1
8740483 1
8744503 1
8748455 1
8751591 1
8755747 1
8759767 1
8763651 1
8766583 1
8770467 1
8774487 1
8778371 1
8781235 1
8785051 1
8789003 1
8792819 1
8795683 1
8799567 1
8803451 1
8806995 1
8809383 1
8812561 1
8815771 1
8818771 1
8820955 1
8824091 1
8827431 1
8830635 1
8832955 1
8836227 1
8839635 1
8842839 1
8845227 1
8848363 1
8851703 1
8854975 1
8857363 1
8860703 1
8864247 1
8867587 1
8870111 1
8873519 1
8876995 1
8880267 1
8882723 1
8886199 1
8889811 1
8893355 1
8896015 1
8899627 1
8903307 1
8906851 1
8909443 1
8912987 1
8916667 1
8920347 1
8923075 1
8926959 1
8930775 1
8934387 1
8936979 1
8940523 1
8944203 1
8947747 1
8950407 1
8954155 1
8958107 1
8961991 1
8964923 1
8968739 1
8972555 1
8976167 1
8978691 1
8981963 1
8985371 1
8988575 1
8990963 1
8994303 1
8997847 1
9001255 1
9003915 1
9007459 1
9011071 1
9014479 1
9017003 1
9020411 1
9023955 1
9027499 1
9030159 1
9033839 1
9037723 1
9041335 1
9044063 1
9047675 1
9051355 1
9054967 1
9057763 1
9061375 1
9064987 1
9068259 1
9070647 1
9073987 1
9077463 1
9080735 1
9083191 1
9086667 1
9090347 1
9093891 1
9096551 1
9100095 1
9103775 1
9107183 1
9109775 1
9113319 1
9117067 1
9120747 1
9123543 1
9127291 1
9131039 1
9134515 1
9137039 1
9140311 1
9143719 1
9146855 1
9149175 1
9152515 1
9155991 1
9159331 1
9161787 1
9165127 1
9168603 1
9171875 1
9174331 1
9177739 1
9181283 1
9184759 1
9187351 1
9190895 1
9194575 1
9198119 1
9200711 1
9204255 1
9207935 1
9211547 1
9214207 1
9217955 1
9221771 1
9225519 1
9228315 1
9232107 1
9235861 1
9239337 1
9241725 1
9245065 1
9248473 1
9251677 1
9254065 1
9257473 1
9261017 1
9264425 1
9267017 1
9270425 1
9273901 1
9277241 1
9279629 1
9283037 1
9286513 1
9289989 1
9292513 1
9296125 1
9299805 1
9303349 1
9305941 1
9309553 1
9313165 1
9316709 1
9319369 1
9323049 1
9326865 1
9330545 1
9333341 1
9337021 1
9340837 1
9344449 1
9347109 1
9350653 1
9354265 1
9357673 1
9360061 1
9363197 1
9366333 1
9369197 1
9371245 1
9374109 1
9377245 1
9380245 1
9382497 1
9385701 1
9389109 1
9392381 1
9394769 1
9397973 1
9401245 1
9404245 1
9406429 1
9409633 1
9412973 1
9416313 1
9418769 1
9422245 1
9425789 1
9429129 1
9431517 1
9434857 1
9438265 1
9441469 1
9443925 1
9447401 1
9451081 1
9454693 1
9457421 1
9461033 1
9464713 1
9468121 1
9470645 1
9474121 1
9477801 1
9481481 1
9484345 1
9488229 1
9492249 1
9495997 1
9498793 1
9502473 1
9506221 1
9509969 1
9512901 1
9516989 1
9521145 1
9525233 1
9528233 1
9532253 1
9536273 1
9540157 1
9543225 1
9547381 1
9551673 1
9555829 1
9558761 1
9562509 1
9566121 1
9569393 1
9571781 1
9575053 1
9578529 1
9581937 1
9584597 1
9588277 1
9592161 1
9595841 1
9598433 1
9601841 1
9605317 1
9608589 1
9610977 1
9614317 1
9617861 1
9621337 1
9623997 1
9627609 1
9631289 1
9634765 1
9637289 1
9640697 1
9644241 1
9647649 1
9650241 1
9653759 1
9657445 1
9660989 1
9663581 1
9667193 1
9670873 1
9674417 1
9677077 1
9680689 1
9684505 1
9688185 1
9690913 1
9694661 1
9698477 1
9702089 1
9704885 1
9708633 1
9712449 1
9716197 1
9718925 1
9722605 1
9726421 1
9729965 1
9732489 1
9735829 1
9739169 1
9742237 1
9744353 1
9747421 1
9750693 1
9753829 1
9756149 1
9759421 1
9762829 1
9766101 1
9768557 1
9771761 1
9775101 1
9778305 1
9780625 1
9783965 1
9787441 1
9790849 1
9793373 1
9796849 1
9800461 1
9803869 1
9806393 1
9809801 1
9813345 1
9816753 1
9819345 1
9823025 1
9826773 1
9830453 1
9833181 1
9836861 1
9840541 1
9844153 1
9846881 1
9850629 1
9854445 1
9858329 1
9861261 1
9865213 1
9869165 1
9872981 1
9875845 1
9879797 1
9883817 1
9887769 1
9890905 1
9895129 1
9899217 1
9902897 1
9905421 1
9908693 1
9911965 1
9914965 1
9917081 1
9920217 1
9923625 1
9927033 1
9929625 1
9933237 1
9936917 1
9940257 1
9942645 1
9945917 1
9949325 1
9952529 1
9955053 1
9958733 1
9962617 1
9966365 1
9969093 1
9972705 1
9976317 1
9979657 1
9982113 1
9985589 1
9989405 1
9993221 1
9996221 1
10000241 1
10004125 1
10007873 1
10010465 1
10013941 1
10017553 1
10020961 1
10023417 1
10026893 1
10030437 1
10033913 1
10036437 1
10039913 1
10043457 1
10046865 1
10049389 1
10052865 1
10056545 1
10060157 1
10062953 1
10066633 1
10070381 1
10073969 1
10076635 1
10080247 1
10083995 1
10087607 1
10090199 1
10093607 1
10097083 1
10100287 1
10102539 1
10105811 1
10109151 1
10112423 1
10114879 1
10118355 1
10121967 1
10125511 1
10128035 1
10131511 1
10135055 1
10138395 1
10140919 1
10144395 1
10148075 1
10151687 1
10154415 1
10158163 1
10161911 1
10165523 1
10168183 1
10171727 1
10175475 1
10179223 1
10182019 1
10185971 1
10189991 1
10193807 1
10196603 1
10200147 1
10203691 1
10206895 1
10209147 1
10212351 1
10215691 1
10218895 1
10221351 1
10224895 1
10228643 1
10232255 1
10234847 1
10238323 1
10241867 1
10245139 1
10247595 1
10251139 1
10254819 1
10258567 1
10261431 1
10265247 1
10269063 1
10272607 1
10275199 1
10278811 1
10282559 1
10286307 1
10289171 1
10292919 1
10296599 1
10300075 1
10302599 1
10306007 1
10309483 1
10312755 1
10315143 1
10318483 1
10321959 1
10325231 1
10327687 1
10331095 1
10334707 1
10338115 1
10340707 1
10344183 1
10347795 1
10351271 1
10353795 1
10357407 1
10361087 1
10364563 1
10367087 1
10370495 1
10373971 1
10377243 1
10379699 1
10383039 1
10386651 1
10390195 1
10392855 1
10396535 1
10400283 1
10403827 1
10406419 1
10409895 1
10413507 1
10416983 1
10419779 1
10423527 1
10427275 1
10430683 1
10433003 1
10436071 1
10439275 1
10442275 1
10444391 1
10447527 1
10450935 1
10454207 1
10456799 1
10460207 1
10463751 1
10467023 1
10469343 1
10472479 1
10475819 1
10479023 1
10481479 1
10485023 1
10488703 1
10492333 1
10494931 1
10498407 1
10501951 1
10505223 1
10507611 1
10511087 1
10514835 1
10518447 1
10521311 1
10525127 1
10528875 1
10532419 1
10535011 1
10538555 1
10542235 1
10545983 1
10548847 1
10552867 1
10556955 1
10560703 1
10563159 1
10566363 1
10569499 1
10572227 1
10574343 1
10577275 1
10580547 1
10583751 1
10586275 1
10589819 1
10593431 1
10596771 1
10599023 1
10602091 1
10605227 1
10608295 1
10610479 1
10613819 1
10617499 1
10621111 1
10623839 1
10627451 1
10630927 1
10634063 1
10636315 1
10639519 1
10642927 1
10646471 1
10649267 1
10653151 1
10657103 1
10660715 1
10663239 1
10666579 1
10670055 1
10673463 1
10676123 1
10679939 1
10684095 1
10688115 1
10691047 1
10694727 1
10698339 1
10701815 1
10704271 1
10707611 1
10711087 1
10714427 1
10716883 1
10720359 1
10723971 1
10727447 1
10730039 1
10733583 1
10737263 1
10740807 1
10743331 1
10746943 1
10750691 1
10754235 1
10757031 1
10760711 1
10764391 1
10767867 1
10770255 1
10773459 1
10776731 1
10779935 1
10782391 1
10786003 1
10789751 1
10793499 1
10796227 1
10799771 1
10803315 1
10806723 1
10809179 1
10812655 1
10816403 1
10820287 1
10823219 1
10827171 1
10831055 1
10834463 1
10836851 1
10839919 1
10842987 1
10845919 1
10848035 1
10851035 1
10854307 1
10857511 1
10859831 1
10863103 1
10866511 1
10869647 1
10871899 1
10874967 1
10878239 1
10881307 1
10883627 1
10886899 1
10890443 1
10893783 1
10896239 1
10899579 1
10902987 1
10906123 1
10908443 1
10911759 1
10915241 1
10918717 1
10921377 1
10924989 1
10928669 1
10932145 1
10934601 1
10938077 1
10941553 1
10945097 1
10947757 1
10951573 1
10955457 1
10959205 1
10962001 1
10965681 1
10969361 1
10972905 1
10975701 1
10979449 1
10983265 1
10986877 1
10989469 1
10993013 1
10996625 1
11000169 1
11002829 1
11006577 1
11010461 1
11014141 1
11016869 1
11020685 1
11024433 1
11027977 1
11030433 1
11033705 1
11037045 1
11040113 1
11042365 1
11045569 1
11048909 1
11052113 1
11054501 1
11057773 1
11061249 1
11064521 1
11066909 1
11070249 1
11073725 1
11076997 1
11079453 1
11082861 1
11086405 1
11089813 1
11092337 1
11095813 1
11099357 1
11102765 1
11105357 1
11108901 1
11112581 1
11116057 1
11118717 1
11122397 1
11126145 1
11129757 1
11132417 1
11136029 1
11139845 1
11143593 1
11146321 1
11149865 1
11153341 1
11156545 1
11158729 1
11161865 1
11165069 1
11168205 1
11170525 1
11173933 1
11177477 1
11180953 1
11183409 1
11186817 1
11190225 1
11193429 1
11195749 1
11199089 1
11202633 1
11206109 1
11208837 1
11212449 1
11216129 1
11219537 1
11221993 1
11225333 1
11228945 1
11232421 1
11235217 1
11239033 1
11242917 1
11246665 1
11249393 1
11252937 1
11256617 1
11260229 1
11262889 1
11266297 1
11269705 1
11272909 1
11275161 1
11278365 1
11281637 1
11284909 1
11287297 1
11290773 1
11294385 1
11297793 1
11300249 1
11303657 1
11307133 1
11310405 1
11312793 1
11316337 1
11319949 1
11323561 1
11326221 1
11329833 1
11333489 1
11336971 1
11339495 1
11343107 1
11346787 1
11350399 1
11353059 1
11356739 1
11360351 1
11363827 1
11366283 1
11369623 1
11373099 1
11376439 1
11378963 1
11382507 1
11386187 1
11389799 1
11392391 1
11395935 1
11399479 1
11402955 1
11405479 1
11409023 1
11412703 1
11416247 1
11418907 1
11422451 1
11425995 1
11429471 1
11431995 1
11435607 1
11439355 1
11443035 1
11445831 1
11449579 1
11453463 1
11457075 1
11459735 1
11463279 1
11466687 1
11469823 1
11472007 1
11475007 1
11478143 1
11481143 1
11483395 1
11486599 1
11490007 1
11493279 1
11495667 1
11499007 1
11502415 1
11505551 1
11507803 1
11511007 1
11514415 1
11517687 1
11520211 1
11523755 1
11527367 1
11530775 1
11533231 1
11536639 1
11540115 1
11543523 1
11546047 1
11549659 1
11553407 1
11557087 1
11559747 1
11563427 1
11567107 1
11570583 1
11573243 1
11576923 1
11580807 1
11584555 1
11587487 1
11591303 1
11595187 1
11598935 1
11601731 1
11605547 1
11609567 1
11613519 1
11616587 1
11620607 1
11624627 1
11628171 1
11630559 1
11633695 1
11636899 1
11639831 1
11641947 1
11645083 1
11648423 1
11651831 1
11654355 1
11657899 1
11661443 1
11664715 1
11667035 1
11670239 1
11673511 1
11676715 1
11679239 1
11682783 1
11686531 1
11690211 1
11692803 1
11696279 1
11699755 1
11703095 1
11705551 1
11709095 1
11712843 1
11716591 1
11719455 1
11723203 1
11727019 1
11730563 1
11733155 1
11736767 1
11740583 1
11744399 1
11747331 1
11751351 1
11755363 1
11759179 1
11761839 1
11765451 1
11768995 1
11772335 1
11774927 1
11778403 1
11782015 1
11785491 1
11788015 1
11791491 1
11795035 1
11798443 1
11801035 1
11804511 1
11808191 1
11811735 1
11814327 1
11817871 1
11821551 1
11825027 1
11827619 1
11831231 1
11834979 1
11838591 1
11841251 1
11844999 1
11848815 1
11852495 1
11855155 1
11858563 1
11862039 1
11865243 1
11867495 1
11870699 1
11873971 1
11877175 1
11879563 1
11882971 1
11886515 1
11889991 1
11892447 1
11895923 1
11899399 1
11902671 1
11905127 1
11908603 1
11912215 1
11915759 1
11918419 1
11922031 1
11925711 1
11929187 1
11931779 1
11935323 1
11939003 1
11942615 1
11945343 1
11949023 1
11952771 1
11956383 1
11959043 1
11962791 1
11966607 1
11970355 1
11973219 1
11977103 1
11980987 1
11984599 1
11987123 1
11990463 1
11993803 1
11996939 1
11999123 1
12002259 1
12005599 1
12008939 1
12011327 1
12014871 1
12018415 1
12021823 1
12024279 1
12027551 1
12030959 1
12034231 1
12036687 1
12040231 1
12043911 1
12047455 1
12050115 1
12053727 1
12057339 1
12060747 1
12063271 1
12066815 1
12070563 1
12074243 1
12077039 1
12080855 1
12084671 1
12088283 1
12090943 1
12094623 1
12098507 1
12102255 1
12105051 1
12108731 1
12112411 1
12115683 1
12118071 1
12121207 1
12124479 1
12127615 1
12129935 1
12133275 1
12136751 1
12140159 1
12142615 1
12145955 1
12149431 1
12152635 1
12154955 1
12158295 1
12161771 1
12165247 1
12167839 1
12171695 1
12175051 1
12178527 1
12181051 1
12184459 1
12188071 1
12191547 1
12194207 1
12197887 1
12201703 1
12205383 1
12208111 1
12211723 1
12215471 1
12219083 1
12221879 1
12225695 1
12229647 1
12233463 1
12236259 1
12239939 1
12243619 1
12247095 1
12249551 1
12253095 1
12256707 1
12260251 1
12262911 1
12266659 1
12270475 1
12274087 1
12276747 1
12280359 1
12284039 1
12287515 1
12290039 1
12293515 1
12296991 1
12300263 1
12302651 1
12305923 1
12309331 1
12312535 1
12314855 1
12318059 1
12321467 1
12324603 1
12326923 1
12330195 1
12333671 1
12337011 1
12339467 1
12342875 1
12346351 1
12349623 1
12352079 1
12355487 1
12359031 1
12362439 1
12365031 1
12368575 1
12372255 1
12375731 1
12378323 1
12381799 1
12385479 1
12389023 1
12391683 1
12395363 1
12399111 1
12402859 1
12405451 1
12408859 1
12412335 1
12415607 1
12417927 1
12421199 1
12424675 1
12428015 1
12430539 1
12434015 1
12437627 1
12441103 1
12443627 1
12447035 1
12450579 1
12453987 1
12456579 1
12460191 1
12463939 1
12467551 1
12470279 1
12473891 1
12477571 1
12481115 1
12483843 1
12487523 1
12491407 1
12495223 1
12498087 1
12501835 1
12505447 1
12508515 1
12510631 1
12513563 1
12516495 1
12519291 1
12521271 1
12524271 1
12527475 1
12530611 1
12532931 1
12536067 1
12539339 1
12542271 1
12544319 1
12547251 1
12550387 1
12553387 1
12555639 1
12558979 1
12562523 1
12565863 1
12568251 1
12571455 1
12574659 1
12577591 1
12579775 1
12583047 1
12586455 1
12589931 1
12592473 1
12596023 1
12599499 1
12602771 1
12605091 1
12608295 1
12611703 1
12615111 1
12617703 1
12621383 1
12625131 1
12628607 1
12631131 1
12634539 1
12638083 1
12641491 1
12644083 1
12647831 1
12651783 1
12655463 1
12658191 1
12661803 1
12665483 1
12669027 1
12671755 1
12675639 1
12679659 1
12683611 1
12686475 1
12690359 1
12694243 1
12697991 1
12700923 1
12704943 1
12709167 1
12713255 1
12716187 1
12720003 1
12723615 1
12726955 1
12729411 1
12732955 1
12736703 1
12740315 1
12742907 1
12746383 1
12749791 1
12752791 1
12754975 1
12758043 1
12761247 1
12764383 1
12766703 1
12770043 1
12773519 1
12776859 1
12779247 1
12782519 1
12785859 1
12789063 1
12791383 1
12794723 1
12798267 1
12801743 1
12804267 1
12807811 1
12811355 1
12814695 1
12817151 1
12820559 1
12824171 1
12827647 1
12830375 1
12834055 1
12837803 1
12841347 1
12844007 1
12847551 1
12851231 1
12854911 1
12857707 1
12861523 1
12865203 1
12868543 1
12870863 1
12874067 1
12877203 1
12880203 1
12882455 1
12885659 1
12889067 1
12892339 1
12894727 1
12898067 1
12901407 1
12904611 1
12906863 1
12910135 1
12913543 1
12916883 1
12919407 1
12922883 1
12926427 1
12929835 1
12932291 1
12935631 1
12939107 1
12942515 1
12945107 1
12948651 1
12952399 1
12955943 1
12958603 1
12962147 1
12965759 1
12969303 1
12971963 1
12975643 1
12979527 1
12983207 1
12986003 1
12989751 1
12993567 1
12997179 1
12999703 1
13003179 1
13006723 1
13009995 1
13012493 1
13015839 1
13019383 1
13022859 1
13025451 1
13028995 1
13032675 1
13036219 1
13038743 1
13042287 1
13045967 1
13049443 1
13052035 1
13055511 1
13058919 1
13062055 1
13064307 1
13067511 1
13070783 1
13073987 1
13076375 1
13079647 1
13083055 1
13086259 1
13088511 1
13091715 1
13095055 1
13098327 1
13100783 1
13104191 1
13107735 1
13111143 1
13113667 1
13117007 1
13120483 1
13123823 1
13126279 1
13129891 1
13133503 1
13137115 1
13139707 1
13143251 1
13146931 1
13150407 1
13152999 1
13156611 1
13160427 1
13164107 1
13166903 1
13170379 1
13173855 1
13176991 1
13179175 1
13182243 1
13185515 1
13188651 1
13190971 1
13194311 1
13197787 1
13201059 1
13203379 1
13206583 1
13209923 1
13213127 1
13215447 1
13218855 1
13222399 1
13225875 1
13228399 1
13231807 1
13235351 1
13238623 1
13241011 1
13244487 1
13248099 1
13251575 1
13254235 1
13257915 1
13261595 1
13265071 1
13267663 1
13271207 1
13274955 1
13278567 1
13281363 1
13285179 1
13288995 1
13292743 1
13295471 1
13298947 1
13302355 1
13305491 1
13307675 1
13310743 1
13314083 1
13317287 1
13319743 1
13323219 1
13326831 1
13330171 1
13332559 1
13335831 1
13339171 1
13342375 1
13344831 1
13348307 1
13351987 1
13355599 1
13358259 1
13361735 1
13365279 1
13368619 1
13371075 1
13374619 1
13378299 1
13381979 1
13384775 1
13388591 1
13392339 1
13395951 1
13398543 1
13402155 1
13405971 1
13409787 1
13412719 1
13416739 1
13420691 1
13424507 1
13427235 1
13431051 1
13434773 1
13438255 1
13440779 1
13444119 1
13447527 1
13450731 1
13453051 1
13456459 1
13459935 1
13463411 1
13466003 1
13469479 1
13473091 1
13476499 1
13478955 1
13482363 1
13485975 1
13489451 1
13492111 1
13495791 1
13499403 1
13502947 1
13505471 1
13509015 1
13512695 1
13516239 1
13518831 1
13522443 1
13525919 1
13529259 1
13531579 1
13534919 1
13538395 1
13541803 1
13544327 1
13547871 1
13551415 1
13554823 1
13557279 1
13560551 1
13564027 1
13567367 1
13569891 1
13573367 1
13577047 1
13580591 1
13583183 1
13586659 1
13590271 1
13593679 1
13596271 1
13599883 1
13603631 1
13607311 1
13610039 1
13613719 1
13617467 1
13621079 1
13623807 1
13627555 1
13631371 1
13635051 1
13637779 1
13641391 1
13644935 1
13648207 1
13650527 1
13653663 1
13656935 1
13660071 1
13662323 1
13665527 1
13668935 1
13672207 1
13674595 1
13677935 1
13681343 1
13684615 1
13687003 1
13690275 1
13693819 1
13697159 1
13699683 1
13703159 1
13706771 1
13710247 1
13712771 1
13716315 1
13719927 1
13723403 1
13726063 1
13729743 1
13733559 1
13737171 1
13739899 1
13743647 1
13747463 1
13751143 1
13753939 1
13757823 1
13761775 1
13765659 1
13768591 1
13772475 1
13776223 1
13779699 1
13782155 1
13785563 1
13788971 1
13792311 1
13794767 1
13798379 1
13802059 1
13805739 1
13808467 1
13812079 1
13815691 1
13819099 1
13821555 1
13824895 1
13828371 1
13831643 1
13834099 1
13837643 1
13841255 1
13844867 1
13847527 1
13851139 1
13854725 1
13858207 1
13860731 1
13864207 1
13867887 1
13871227 1
13873751 1
13877023 1
13880431 1
13883499 1
13885751 1
13888887 1
13892227 1
13895499 1
13898023 1
13901499 1
13905111 1
13908519 1
13910975 1
13914247 1
13917655 1
13920927 1
13923451 1
13926995 1
13930743 1
13934423 1
13937083 1
13940627 1
13944239 1
13947647 1
13950171 1
13953783 1
13957599 1
13961415 1
13964279 1
13968163 1
13971979 1
13975659 1
13978387 1
13982135 1
13985951 1
13989767 1
13992699 1
13996583 1
14000399 1
14003943 1
14006467 1
14009875 1
14013147 1
14016215 1
14018399 1
14021535 1
14024739 1
14027875 1
14030263 1
14033671 1
14037147 1
14040487 1
14042943 1
14046215 1
14049555 1
14052759 1
14055079 1
14058487 1
14062031 1
14065575 1
14068235 1
14071847 1
14075459 1
14078799 1
14081255 1
14084731 1
14088343 1
14091887 1
14094683 1
14098499 1
14102383 1
14106063 1
14108723 1
14112403 1
14116083 1
14119763 1
14122559 1
14126307 1
14129987 1
14133395 1
14135783 1
14139055 1
14142395 1
14145463 1
14147715 1
14150987 1
14154395 1
14157735 1
14160259 1
14163735 1
14167279 1
14170687 1
14173075 1
14176415 1
14179891 1
14183231 1
14185755 1
14189435 1
14193183 1
14196795 1
14199455 1
14202999 1
14206611 1
14210087 1
14212679 1
14216359 1
14220175 1
14224059 1
14226991 1
14230807 1
14234623 1
14238303 1
14241031 1
14244847 1
14248663 1
14252207 1
14254663 1
14257867 1
14261207 1
14264275 1
14266459 1
14269595 1
14272979 1
14276189 1
14278577 1
14281917 1
14285393 1
14288665 1
14291053 1
14294393 1
14297733 1
14301005 1
14303393 1
14306801 1
14310345 1
14313821 1
14316345 1
14319821 1
14323433 1
14326841 1
14329297 1
14332841 1
14336453 1
14339997 1
14342793 1
14346473 1
14350289 1
14353969 1
14356561 1
14359969 1
14363309 1
14366513 1
14368833 1
14372173 1
14375717 1
14379261 1
14382057 1
14385805 1
14389553 1
14393029 1
14395553 1
14399029 1
14402641 1
14406185 1
14409049 1
14412933 1
14416749 1
14420089 1
14422341 1
14425477 1
14428681 1
14431681 1
14433797 1
14437001 1
14440341 1
14443681 1
14446137 1
14449545 1
14452953 1
14456157 1
14458477 1
14461681 1
14465021 1
14468293 1
14470817 1
14474361 1
14478041 1
14481517 1
14483973 1
14487449 1
14490925 1
14494333 1
14496857 1
14500401 1
14504217 1
14507897 1
14510693 1
14514373 1
14518053 1
14521597 1
14524257 1
14527937 1
14531821 1
14535705 1
14538501 1
14541977 1
14545385 1
14548453 1
14550569 1
14553637 1
14556773 1
14559909 1
14562229 1
14565705 1
14569317 1
14572657 1
14575113 1
14578385 1
14581725 1
14584861 1
14587181 1
14590521 1
14594065 1
14597677 1
14600405 1
14603949 1
14607561 1
14610901 1
14613357 1
14616765 1
14620309 1
14623921 1
14626785 1
14630669 1
14634553 1
14638097 1
14640757 1
14644233 1
14647709 1
14650709 1
14652825 1
14655757 1
14658893 1
14661825 1
14664009 1
14667213 1
14670621 1
14673825 1
14676145 1
14679349 1
14682553 1
14685621 1
14687805 1
14690873 1
14694225 1
14697435 1
14699891 1
14703299 1
14706775 1
14710047 1
14712435 1
14715571 1
14718979 1
14722183 1
14724639 1
14728115 1
14731795 1
14735339 1
14737863 1
14741339 1
14744883 1
14748223 1
14750679 1
14754223 1
14757971 1
14761651 1
14764447 1
14768127 1
14771875 1
14775419 1
14778011 1
14781691 1
14785507 1
14789255 1
14792255 1
14796207 1
14800091 1
14803839 1
14806635 1
14810451 1
14814199 1
14817743 1
14820131 1
14823403 1
14826743 1
14829879 1
14832199 1
14835403 1
14838811 1
14842083 1
14844471 1
14847811 1
14851219 1
14854491 1
14856879 1
14860219 1
14863695 1
14867035 1
14869559 1
14873035 1
14876647 1
14880055 1
14882579 1
14885987 1
14889599 1
14892939 1
14895463 1
14898871 1
14902415 1
14905891 1
14908483 1
14912027 1
14915707 1
14919183 1
14921707 1
14925115 1
14928659 1
14931999 1
14934387 1
14937727 1
14941203 1
14944543 1
14947067 1
14950611 1
14954291 1
14957835 1
14960427 1
14963971 1
14967583 1
14971059 1
14973583 1
14976991 1
14980467 1
14983535 1
14985787 1
14988855 1
14992059 1
14995127 1
14997447 1
15000719 1
15004195 1
15007467 1
15009923 1
15013195 1
15016535 1
15019671 1
15022059 1
15025331 1
15028807 1
15032215 1
15034739 1
15038283 1
15041827 1
15045167 1
15047623 1
15051031 1
15054575 1
15058051 1
15060779 1
15064459 1
15068207 1
15071819 1
15074411 1
15078023 1
15081703 1
15085315 1
15088179 1
15091995 1
15095947 1
15099763 1
15102423 1
15105831 1
15109171 1
15112147 1
15114201 1
15117201 1
15120405 1
15123473 1
15125725 1
15129133 1
15132609 1
15135881 1
15138201 1
15141269 1
15144541 1
15147609 1
15149861 1
15153065 1
15156609 1
15160085 1
15162745 1
15166221 1
15169697 1
15172901 1
15175221 1
15178493 1
15181969 1
15185513 1
15188173 1
15191921 1
15195669 1
15199145 1
15201669 1
15205077 1
15208621 1
15212233 1
15215029 1
15218913 1
15222865 1
15226477 1
15228865 1
15232001 1
15235137 1
15238001 1
15240117 1
15243117 1
15246389 1
15249661 1
15252117 1
15255525 1
15259001 1
15262137 1
15264321 1
15267321 1
15270593 1
15273729 1
15276049 1
15279525 1
15283273 1
15286749 1
15289273 1
15292545 1
15295953 1
15299089 1
15301477 1
15304885 1
15308565 1
15312177 1
15314973 1
15318585 1
15322197 1
15325537 1
15327993 1
15331469 1
15335149 1
15338965 1
15341897 1
15345849 1
15349733 1
15353345 1
15355937 1
15359617 1
15363433 1
15367385 1
15370453 1
15374677 1
15378765 1
15382445 1
15384969 1
15388173 1
15391445 1
15394581 1
15396833 1
15400173 1
15403785 1
15407397 1
15410057 1
15413465 1
15417009 1
15420213 1
15422669 1
15426009 1
15429621 1
15433233 1
15436029 1
15439845 1
15443661 1
15447137 1
15449661 1
15453205 1
15456885 1
15460497 1
15463293 1
15466973 1
15470585 1
15473925 1
15476313 1
15479585 1
15483061 1
15486469 1
15489129 1
15492741 1
15496421 1
15499897 1
15502353 1
15505761 1
15509237 1
15512645 1
15515237 1
15518849 1
15522597 1
15526209 1
15528869 1
15532387 1
15536073 1
15539617 1
15542277 1
15545957 1
15549637 1
15553045 1
15555569 1
15558841 1
15562249 1
15565521 1
15567909 1
15571317 1
15574929 1
15578337 1
15580929 1
15584473 1
15588017 1
15591357 1
15593881 1
15597425 1
15601037 1
15604581 1
15607241 1
15610785 1
15614465 1
15617873 1
15620397 1
15623737 1
15627077 1
15630213 1
15632465 1
15635601 1
15638941 1
15642213 1
15644669 1
15648145 1
15651689 1
15655029 1
15657485 1
15660825 1
15664301 1
15667573 1
15670097 1
15673641 1
15677389 1
15680933 1
15683593 1
15687205 1
15690681 1
15690757 -1
15690833 1
15694241 1
15696833 1
15700513 1
15704329 1
15708145 1
15711009 1
15714893 1
15718709 1
15722389 1
15725117 1
15728865 1
15732681 1
15736157 1
15738545 1
15741817 1
15745157 1
15748293 1
15750545 1
15753885 1
15757361 1
15760769 1
15763361 1
15766837 1
15770381 1
15773653 1
15776109 1
15779381 1
15782993 1
15786469 1
15789129 1
15792741 1
15796489 1
15800033 1
15802625 1
15806101 1
15809713 1
15813325 1
15815985 1
15819597 1
15823209 1
15826821 1
15829413 1
15832821 1
15836297 1
15839433 1
15841753 1
15845025 1
15848501 1
15851773 1
15854297 1
15857841 1
15861453 1
15864861 1
15867385 1
15870725 1
15874269 1
15877677 1
15880269 1
15883881 1
15887697 1
15891309 1
15894037 1
15897581 1
15901261 1
15904805 1
15907533 1
15911281 1
15915233 1
15918845 1
15921437 1
15924777 1
15928185 1
15931253 1
15933505 1
15936709 1
15940117 1
15943525 1
15946185 1
15949797 1
15953385 1
15956799 1
15959255 1
15962595 1
15966071 1
15969479 1
15972071 1
15975819 1
15979635 1
15983315 1
15985975 1
15989519 1
15993199 1
15996743 1
15999471 1
16003287 1
16007239 1
16011055 1
16013919 1
16017531 1
16021075 1
16024347 1
16026667 1
16029735 1
16032871 1
16035871 1
16038055 1
16041191 1
16044531 1
16047735 1
16050123 1
16053463 1
16056871 1
16060007 1
16062327 1
16065463 1
16068803 1
16072007 1
16074463 1
16077871 1
16081483 1
16084891 1
16087415 1
16090755 1
16094231 1
16097503 1
16099959 1
16103435 1
16107115 1
16110727 1
16113455 1
16117067 1
16120747 1
16124223 1
16126815 1
16130427 1
16134175 1
16137855 1
16140719 1
16144603 1
16148555 1
16152235 1
16155031 1
16158779 1
16162663 1
16166547 1
16169547 1
16173567 1
16177383 1
16180655 1
16182907 1
16185975 1
16189111 1
16191975 1
16194091 1
16197159 1
16200567 1
16203907 1
16206499 1
16209907 1
16213383 1
16216519 1
16218771 1
16221839 1
16225179 1
16228451 1
16230975 1
16234519 1
16238267 1
16241811 1
16244335 1
16247675 1
16251151 1
16254355 1
16256879 1
16260423 1
16264307 1
16268055 1
16270851 1
16274531 1
16278211 1
16281619 1
16284211 1
16287823 1
16291639 1
16295183 1
16297707 1
16300979 1
16304251 1
16307319 1
16309503 1
16312707 1
16316183 1
16319727 1
16322387 1
16326135 1
16329747 1
16333087 1
16335475 1
16338815 1
16342291 1
16345631 1
16348359 1
16352175 1
16356195 1
16359875 1
16362467 1
16365943 1
16369487 1
16372733 1
16375127 1
16378467 1
16381875 1
16385215 1
16387535 1
16390739 1
16394079 1
16397351 1
16399739 1
16403079 1
16406691 1
16410099 1
16412691 1
16416099 1
16419643 1
16422983 1
16425507 1
16428983 1
16432663 1
16436207 1
16438935 1
16442615 1
16446295 1
16449839 1
16452499 1
16456111 1
16459791 1
16463199 1
16465519 1
16468587 1
16471791 1
16474655 1
16476771 1
16479771 1
16482975 1
16486179 1
16488567 1
16491907 1
16495383 1
16498587 1
16500839 1
16503975 1
16507247 1
16510315 1
16512703 1
16516043 1
16519587 1
16523063 1
16525587 1
16528995 1
16532403 1
16535607 1
16537995 1
16541403 1
16544947 1
16548491 1
16551151 1
16554831 1
16558579 1
16562123 1
16564647 1
16568055 1
16571667 1
16575143 1
16577803 1
16581347 1
16585027 1
16588503 1
16591095 1
16594639 1
16598319 1
16601931 1
16604727 1
16608475 1
16612291 1
16616039 1
16618903 1
16622651 1
16626535 1
16630283 1
16633147 1
16636963 1
16640643 1
16643983 1
16646303 1
16649507 1
16652779 1
16655915 1
16658167 1
16661507 1
16665051 1
16668527 1
16671051 1
16674527 1
16678071 1
16681343 1
16683731 1
16687071 1
16690615 1
16694091 1
16696751 1
16700431 1
16704111 1
16707519 1
16709907 1
16713111 1
16716383 1
16719383 1
16721635 1
16724839 1
16728247 1
16731519 1
16734043 1
16737451 1
16740927 1
16744267 1
16746655 1
16749995 1
16753403 1
16756743 1
16759267 1
16762811 1
16766559 1
16770103 1
16772695 1
16776171 1
16779783 1
16783191 1
16785715 1
16789191 1
16792685 1
16796099 1
16798555 1
16801963 1
16805507 1
16808847 1
16811167 1
16814371 1
16817711 1
16820779 1
16823099 1
16826371 1
16829915 1
16833391 1
16835983 1
16839459 1
16843003 1
16846343 1
16848731 1
16852071 1
16855479 1
16858751 1
16861207 1
16864683 1
16868295 1
16871635 1
16874091 1
16877431 1
16880907 1
16884111 1
16886567 1
16890043 1
16893655 1
16897199 1
16899791 1
16903471 1
16907151 1
16910627 1
16913219 1
16916763 1
16920511 1
16924123 1
16926919 1
16930735 1
16934619 1
16938231 1
16940687 1
16943891 1
16946959 1
16949823 1
16951803 1
16954667 1
16957803 1
16960803 1
16962987 1
16966259 1
16969735 1
16972939 1
16975259 1
16978395 1
16981599 1
16984599 1
16986783 1
16989919 1
16993259 1
16996531 1
16999055 1
17002531 1
17006143 1
17009415 1
17011735 1
17014939 1
17018279 1
17021551 1
17024007 1
17027551 1
17031299 1
17034911 1
17037571 1
17041115 1
17044659 1
17047999 1
17050455 1
17053999 1
17057747 1
17061495 1
17064291 1
17068175 1
17071991 1
17075671 1
17078331 1
17081943 1
17085691 1
17089507 1
17092507 1
17096527 1
17100615 1
17104295 1
17106751 1
17109887 1
17112955 1
17115819 1
17117867 1
17120799 1
17123935 1
17127071 1
17129459 1
17132935 1
17136547 1
17139819 1
17142207 1
17145343 1
17148547 1
17151547 1
17153799 1
17157003 1
17160547 1
17164091 1
17166819 1
17170431 1
17174043 1
17177383 1
17179703 1
17182975 1
17186451 1
17189791 1
17192451 1
17196335 1
17200287 1
17204035 1
17206763 1
17210375 1
17213961 1
17217375 1
17219967 1
17223783 1
17227803 1
17231823 1
17234755 1
17238503 1
17242115 1
17245523 1
17247911 1
17251115 1
17254591 1
17257795 1
17260319 1
17263727 1
17267339 1
17270883 1
17273475 1
17277019 1
17280563 1
17284039 1
17286563 1
17290107 1
17293787 1
17297399 1
17300059 1
17303603 1
17307215 1
17310691 1
17313147 1
17316555 1
17320099 1
17323439 1
17325895 1
17329303 1
17332847 1
17336323 1
17338847 1
17342459 1
17346139 1
17349683 1
17352343 1
17355955 1
17359635 1
17363247 1
17365907 1
17369519 1
17373063 1
17376335 1
17378723 1
17381859 1
17385199 1
17388335 1
17390791 1
17394199 1
17397879 1
17401491 1
17404151 1
17407763 1
17411375 1
17414783 1
17417239 1
17420647 1
17424191 1
17427599 1
17430123 1
17433599 1
17437211 1
17440551 1
17443007 1
17446279 1
17449687 1
17453027 1
17455483 1
17458959 1
17462571 1
17466183 1
17468775 1
17472319 1
17475931 1
17479407 1
17481931 1
17485475 1
17489223 1
17492903 1
17495631 1
17499379 1
17503195 1
17506807 1
17509535 1
17513147 1
17516895 1
17520439 1
17523099 1
17526643 1
17530187 1
17533459 1
17535847 1
17538983 1
17542255 1
17545255 1
17547439 1
17550575 1
17553915 1
17557119 1
17559507 1
17562847 1
17566255 1
17569527 1
17571915 1
17575119 1
17578527 1
17581731 1
17584187 1
17587595 1
17591139 1
17594615 1
17597207 1
17600683 1
17604295 1
17607635 1
17610159 1
17613635 1
17617247 1
17620791 1
17623519 1
17627199 1
17631015 1
17634671 1
17637405 1
17641085 1
17644833 1
17648513 1
17651309 1
17655261 1
17659213 1
17663165 1
17666097 1
17669981 1
17673797 1
17677205 1
17679525 1
17682729 1
17686001 1
17689001 1
17691253 1
17694457 1
17697933 1
17701273 1
17703797 1
17707273 1
17710749 1
17714021 1
17716409 1
17719681 1
17723157 1
17726497 1
17729021 1
17732701 1
17736449 1
17739993 1
17742653 1
17746197 1
17749741 1
17753149 1
17755673 1
17759353 1
17763169 1
17766917 1
17769713 1
17773461 1
17777073 1
17780277 1
17782597 1
17785665 1
17788937 1
17792005 1
17794325 1
17797733 1
17801277 1
17804821 1
17807481 1
17810957 1
17814501 1
17817773 1
17820093 1
17823365 1
17826841 1
17830385 1
17833045 1
17836793 1
17840609 1
17844289 1
17846881 1
17850357 1
17853969 1
17857445 1
17860037 1
17863853 1
17867805 1
17871621 1
17874349 1
17877893 1
17881437 1
17884777 1
17887097 1
17890369 1
17893777 1
17897049 1
17899573 1
17903049 1
17906593 1
17910137 1
17912729 1
17916205 1
17919817 1
17923225 1
17925817 1
17929361 1
17933109 1
17936721 1
17939449 1
17943197 1
17947013 1
17950693 1
17953353 1
17956897 1
17960373 1
17963441 1
17965557 1
17968421 1
17971489 1
17974285 1
17976333 1
17979333 1
17982673 1
17985809 1
17988129 1
17991401 1
17994741 1
17997809 1
17999925 1
18002925 1
18006129 1
18009197 1
18011517 1
18014857 1
18018401 1
18021809 1
18024265 1
18027605 1
18030945 1
18034081 1
18036401 1
18039605 1
18043081 1
18046489 1
18049081 1
18052735 1
18056421 1
18059897 1
18062421 1
18065761 1
18069237 1
18072645 1
18075169 1
18078849 1
18082733 1
18086549 1
18089345 1
18093025 1
18096705 1
18100181 1
18102773 1
18106385 1
18110269 1
18114153 1
18117221 1
18121241 1
18125261 1
18129009 1
18131737 1
18135553 1
18139437 1
18143457 1
18146661 1
18150953 1
18155041 1
18158653 1
18161041 1
18164177 1
18167313 1
18170245 1
18172429 1
18175565 1
18178973 1
18182517 1
18185245 1
18188925 1
18192537 1
18195809 1
18198061 1
18201197 1
18204469 1
18207673 1
18210265 1
18214013 1
18217965 1
18221781 1
18224441 1
18227917 1
18231325 1
18234529 1
18236917 1
18240325 1
18243801 1
18247209 1
18249733 1
18253141 1
18256685 1
18260025 1
18262481 1
18265889 1
18269501 1
18272977 1
18275637 1
18279249 1
18282929 1
18286473 1
18289133 1
18292677 1
18296357 1
18299901 1
18302629 1
18306309 1
18310057 1
18313737 1
18316465 1
18320145 1
18323825 1
18327301 1
18329757 1
18332961 1
18336233 1
18339233 1
18341281 1
18344213 1
18347281 1
18350145 1
18352261 1
18355329 1
18358669 1
18361873 1
18364193 1
18367397 1
18370669 1
18373737 1
18375921 1
18378921 1
18382193 1
18385261 1
18387649 1
18390989 1
18394465 1
18397805 1
18400193 1
18403465 1
18406737 1
18409941 1
18412193 1
18415533 1
18419009 1
18422485 1
18425145 1
18428689 1
18432301 1
18435641 1
18438029 1
18441369 1
18444913 1
18448321 1
18449485 2
18450989 1
18454669 1
18458553 1
18462165 1
18464825 1
18468369 1
18471957 1
18475439 1
18478167 1
18481915 1
18485867 1
18489819 1
18492683 1
18496567 1
18500383 1
18504063 1
18506791 1
18510675 1
18514627 1
18518307 1
18521103 1
18524647 1
18528191 1
18531463 1
18533783 1
18536919 1
18540123 1
18542987 1
18545035 1
18547967 1
18551035 1
18553967 1
18556151 1
18559287 1
18562559 1
18565695 1
18567947 1
18571015 1
18574219 1
18577219 1
18579335 1
18582403 1
18585743 1
18588879 1
18591267 1
18594607 1
18597947 1
18601151 1
18603471 1
18606607 1
18609879 1
18613083 1
18615403 1
18618811 1
18622355 1
18625763 1
18628287 1
18631695 1
18635171 1
18638443 1
18640831 1
18644239 1
18647783 1
18651327 1
18653987 1
18657667 1
18661347 1
18664891 1
18667415 1
18670891 1
18674571 1
18678115 1
18680843 1
18684727 1
18688611 1
18692359 1
18695155 1
18698903 1
18702719 1
18706467 1
18709331 1
18713283 1
18717371 1
18721391 1
18724187 1
18727799 1
18731275 1
18734411 1
18736663 1
18739731 1
18743071 1
18746343 1
18748867 1
18752343 1
18755887 1
18759227 1
18761615 1
18764887 1
18768295 1
18771499 1
18773887 1
18777363 1
18780975 1
18784451 1
18786975 1
18790315 1
18793791 1
18797131 1
18799519 1
18802995 1
18806607 1
18810083 1
18812539 1
18815879 1
18819355 1
18822559 1
18824947 1
18828423 1
18832035 1
18835647 1
18838307 1
18841987 1
18845735 1
18849211 1
18851735 1
18855279 1
18858891 1
18862299 1
18864687 1
18867891 1
18871163 1
18874231 1
18876415 1
18879619 1
18882959 1
18886231 1
18888755 1
18892177 1
18895727 1
18898999 1
18901387 1
18904659 1
18908135 1
18911407 1
18913863 1
18917339 1
18921019 1
18924563 1
18927223 1
18930699 1
18934243 1
18937651 1
18940243 1
18943855 1
18947603 1
18951351 1
18954079 1
18957827 1
18961439 1
18964779 1
18967167 1
18970439 1
18973847 1
18976983 1
18979303 1
18982507 1
18985983 1
18989255 1
18991711 1
18995119 1
18998595 1
19001935 1
19004323 1
19007663 1
19011207 1
19014547 1
19017139 1
19020683 1
19024295 1
19027839 1
19030431 1
19033975 1
19037587 1
19041063 1
19043451 1
19046723 1
19049995 1
19052995 1
19055247 1
19058315 1
19061587 1
19064723 1
19067111 1
19070519 1
19073927 1
19077267 1
19079587 1
19082927 1
19086267 1
19089471 1
19091859 1
19095267 1
19098811 1
19102287 1
19104879 1
19108423 1
19111967 1
19115307 1
19117831 1
19121239 1
19124919 1
19128463 1
19131191 1
19134871 1
19138619 1
19142299 1
19144959 1
19148571 1
19152387 1
19156067 1
19158863 1
19162815 1
19166767 1
19170515 1
19173107 1
19176447 1
19179719 1
19182787 1
19184971 1
19188039 1
19191447 1
19194719 1
19197107 1
19200583 1
19204059 1
19207331 1
19209651 1
19212855 1
19216263 1
19219467 1
19221923 1
19225399 1
19229011 1
19232487 1
19235079 1
19238555 1
19242031 1
19245439 1
19247895 1
19251371 1
19255119 1
19258799 1
19261527 1
19265275 1
19269023 1
19272567 1
19275227 1
19278839 1
19282587 1
19286131 1
19288655 1
19292131 1
19295607 1
19298879 1
19301267 1
19304471 1
19307879 1
19311083 1
19313377 1
19316723 1
19320131 1
19323471 1
19325859 1
19329267 1
19332811 1
19336151 1
19338675 1
19342083 1
19345627 1
19349035 1
19351559 1
19355103 1
19358783 1
19362327 1
19364919 1
19368531 1
19372211 1
19375755 1
19378415 1
19382095 1
19385911 1
19389659 1
19392387 1
19396203 1
19400019 1
19403767 1
19406563 1
19410107 1
19413583 1
19416719 1
19418971 1
19422107 1
19425379 1
19428583 1
19431039 1
19434515 1
19438127 1
19441535 1
19443991 1
19447399 1
19450807 1
19454079 1
19456535 1
19460011 1
19463623 1
19467235 1
19469895 1
19473507 1
19477187 1
19480595 1
19483187 1
19486731 1
19490411 1
19494091 1
19496887 1
19500703 1
19504519 1
19508199 1
19510859 1
19514403 1
19518015 1
19521423 1
19523811 1
19527083 1
19530355 1
19533423 1
19535675 1
19538811 1
19542151 1
19545287 1
19547743 1
19551083 1
19554559 1
19557763 1
19560151 1
19563423 1
19566831 1
19570103 1
19572491 1
19575967 1
19579511 1
19582987 1
19585511 1
19589055 1
19592531 1
19595939 1
19598463 1
19601939 1
19605619 1
19609163 1
19611823 1
19615503 1
19619251 1
19622863 1
19625523 1
19629135 1
19632883 1
19636563 1
19639427 1
19643243 1
19647195 1
19650943 1
19653807 1
19657623 1
19661303 1
19664779 1
19667167 1
19670371 1
19673711 1
19676915 1
19679303 1
19682779 1
19686459 1
19690071 1
19692731 1
19696275 1
19699819 1
19703159 1
19705615 1
19708955 1
19712431 1
19715907 1
19718499 1
19722179 1
19725927 1
19729471 1
19732107 1
19735657 1
19739269 1
19742813 1
19745473 1
19749085 1
19752765 1
19756309 1
19758833 1
19762309 1
19765853 1
19769193 1
19771581 1
19774989 1
19778465 1
19781873 1
19784397 1
19788009 1
19791689 1
19795233 1
19797893 1
19801369 1
19805049 1
19808525 1
19811185 1
19814865 1
19818613 1
19822089 1
19824613 1
19827953 1
19831361 1
19834565 1
19836885 1
19840157 1
19843565 1
19846905 1
19849361 1
19852837 1
19856449 1
19859789 1
19862313 1
19865721 1
19869265 1
19872673 1
19875197 1
19878809 1
19882489 1
19886033 1
19888761 1
19892373 1
19896053 1
19899597 1
19902325 1
19906005 1
19909685 1
19913093 1
19915481 1
19918617 1
19921889 1
19924957 1
19927277 1
19930481 1
19933889 1
19937229 1
19939617 1
19942957 1
19946365 1
19949569 1
19951889 1
19955161 1
19958569 1
19961909 1
19964433 1
19967909 1
19971589 1
19974997 1
19977521 1
19980929 1
19984405 1
19987881 1
19990405 1
19994085 1
19997833 1
20001513 1
20004173 1
20007853 1
20011533 1
20015145 1
20017873 1
20021621 1
20025505 1
20029321 1
20032185 1
20036069 1
20039953 1
20043769 1
20046565 1
20050381 1
20053993 1
20057401 1
20059721 1
20062925 1
20066197 1
20069333 1
20071653 1
20074993 1
20078537 1
20081877 1
20084333 1
20087673 1
20091081 1
20094285 1
20096605 1
20099945 1
20103489 1
20106965 1
20109625 1
20113237 1
20116849 1
20120189 1
20122713 1
20126053 1
20129529 1
20132801 1
20135189 1
20138529 1
20142073 1
20145481 1
20148005 1
20151729 1
20155075 1
20158483 1
20161007 1
20164483 1
20168027 1
20171571 1
20174095 1
20177571 1
20181115 1
20184591 1
20187115 1
20190659 1
20194339 1
20197883 1
20200475 1
20204019 1
20207699 1
20211243 1
20213903 1
20217583 1
20221331 1
20224943 1
20227671 1
20231351 1
20235031 1
20238575 1
20241235 1
20244779 1
20248391 1
20251595 1
20253847 1
20256915 1
20260119 1
20263119 1
20265371 1
20268507 1
20271779 1
20274915 1
20277099 1
20280167 1
20283371 1
20286371 1
20288623 1
20291827 1
20295235 1
20298439 1
20300759 1
20304031 1
20307439 1
20310643 1
20312963 1
20316235 1
20319643 1
20322915 1
20325439 1
20328779 1
20332323 1
20335663 1
20338119 1
20341527 1
20345003 1
20348411 1
20350935 1
20354547 1
20358227 1
20361771 1
20364363 1
20367907 1
20371587 1
20375131 1
20377791 1
20381539 1
20385287 1
20389035 1
20391763 1
20395511 1
20399395 1
20403075 1
20405871 1
20409687 1
20413367 1
20416707 1
20419163 1
20422435 1
20425843 1
20429251 1
20431843 1
20435591 1
20439475 1
20443155 1
20445747 1
20449291 1
20452767 1
20455971 1
20458223 1
20461291 1
20464427 1
20467427 1
20469543 1
20472611 1
20475883 1
20479019 1
20481271 1
20484543 1
20487815 1
20490883 1
20493135 1
20496271 1
20499543 1
20502747 1
20505135 1
20508543 1
20512019 1
20515359 1
20517679 1
20520951 1
20524291 1
20527495 1
20529951 1
20533359 1
20536971 1
20540447 1
20543039 1
20546515 1
20550059 1
20553467 1
20555923 1
20559467 1
20563147 1
20566759 1
20569419 1
20573141 1
20576827 1
20580439 1
20583031 1
20586711 1
20590459 1
20594207 1
20597071 1
20600955 1
20604839 1
20608315 1
20610635 1
20613771 1
20616975 1
20619975 1
20622159 1
20625295 1
20628703 1
20632043 1
20634499 1
20637907 1
20641383 1
20644519 1
20646839 1
20650111 1
20653519 1
20656791 1
20659383 1
20662995 1
20666675 1
20670151 1
20672675 1
20676083 1
20679559 1
20682967 1
20685559 1
20689239 1
20693055 1
20696735 1
20699463 1
20703075 1
20706755 1
20710299 1
20713027 1
20716843 1
20720591 1
20723999 1
20726319 1
20729455 1
20732659 1
20735591 1
20737707 1
20740843 1
20744183 1
20747455 1
20749843 1
20753115 1
20756455 1
20759523 1
20761775 1
20764979 1
20768319 1
20771591 1
20774047 1
20777523 1
20781135 1
20784475 1
20786863 1
20790203 1
20793611 1
20797019 1
20799475 1
20803019 1
20806699 1
20810243 1
20812903 1
20816447 1
20819991 1
20823467 1
20826059 1
20829671 1
20833487 1
20837235 1
20840031 1
20843779 1
20847527 1
20851139 1
20853799 1
20857343 1
20860887 1
20864159 1
20866411 1
20869547 1
20872819 1
20875955 1
20878207 1
20881547 1
20884955 1
20888363 1
20890751 1
20894091 1
20897567 1
20900771 1
20903159 1
20906499 1
20910043 1
20913519 1
20916111 1
20919655 1
20923267 1
20926675 1
20929131 1
20932539 1
20936219 1
20939763 1
20942423 1
20946103 1
20949851 1
20953463 1
20956123 1
20959667 1
20963143 1
20966483 1
20968871 1
20972279 1
20975823 1
20979231 1
20981687 1
20985163 1
20988639 1
20991997 1
20994527 1
20998003 1
21001615 1
21005159 1
21007751 1
21011363 1
21015043 1
21018587 1
21021111 1
21024451 1
21027859 1
21030995 1
21033247 1
21036315 1
21039519 1
21042587 1
21044771 1
21047975 1
21051247 1
21054519 1
21056839 1
21060179 1
21063519 1
21066723 1
21068975 1
21072247 1
21075655 1
21078927 1
21081383 1
21084791 1
21088335 1
21091743 1
21094199 1
21097539 1
21101083 1
21104423 1
21106947 1
21110491 1
21114239 1
21117783 1
21120443 1
21123987 1
21127667 1
21131211 1
21133871 1
21137551 1
21141435 1
21145183 1
21147979 1
21151795 1
21155679 1
21159223 1
21161815 1
21165291 1
21168835 1
21172175 1
21174631 1
21178175 1
21181719 1
21185127 1
21187719 1
21191263 1
21194943 1
21198419 1
21201011 1
21204623 1
21208235 1
21211847 1
21214507 1
21218255 1
21222003 1
21225751 1
21228479 1
21232227 1
21235975 1
21239519 1
21242043 1
21245383 1
21248859 1
21251995 1
21254247 1
21257315 1
21260587 1
21263723 1
21265975 1
21269315 1
21272791 1
21276131 1
21278587 1
21281927 1
21285403 1
21288539 1
21290927 1
21294267 1
21297811 1
21301219 1
21303811 1
21307355 1
21310967 1
21314443 1
21316899 1
21320375 1
21323919 1
21327395 1
21330055 1
21333803 1
21337619 1
21341299 1
21343959 1
21347571 1
21351319 1
21354931 1
21357727 1
21361543 1
21365495 1
21369311 1
21371903 1
21375311 1
21378651 1
21381787 1
21384039 1
21387175 1
21390515 1
21393787 1
21396311 1
21399787 1
21403331 1
21406671 1
21408991 1
21412373 1
21415787 1
21419059 1
21421583 1
21425127 1
21428875 1
21432487 1
21435147 1
21438691 1
21442303 1
21445779 1
21448371 1
21452051 1
21455935 1
21459615 1
21462343 1
21465819 1
21469295 1
21472431 1
21474751 1
21477955 1
21481363 1
21484771 1
21487295 1
21490975 1
21494655 1
21498131 1
21500655 1
21504063 1
21507539 1
21510947 1
21513539 1
21517287 1
21521171 1
21524919 1
21527647 1
21531395 1
21535075 1
21538619 1
21541211 1
21544823 1
21548639 1
21552387 1
21555251 1
21559135 1
21562883 1
21566155 1
21568339 1
21571339 1
21574339 1
21577203 1
21579251 1
21582251 1
21585523 1
21588795 1
21591251 1
21594591 1
21597999 1
21601135 1
21603319 1
21606319 1
21609523 1
21612591 1
21614911 1
21618319 1
21621999 1
21625475 1
21627999 1
21631339 1
21634679 1
21637883 1
21640135 1
21643475 1
21647019 1
21650631 1
21653427 1
21657175 1
21660855 1
21664263 1
21666719 1
21670127 1
21673671 1
21677283 1
21680147 1
21684099 1
21688119 1
21691867 1
21694595 1
21698139 1
21701887 1
21705499 1
21708363 1
21712519 1
21716743 1
21720491 1
21723083 1
21726491 1
21729899 1
21733171 1
21735491 1
21738831 1
21742307 1
21745715 1
21748307 1
21751851 1
21755531 1
21758939 1
21761463 1
21764939 1
21768483 1
21771891 1
21774551 1
21778299 1
21782115 1
21785795 1
21788523 1
21792203 1
21795951 1
21799563 1
21802291 1
21806107 1
21810059 1
21814079 1
21816875 1
21820419 1
21823759 1
21826759 1
21828739 1
21831711 1
21834583 1
21837379 1
21839495 1
21842631 1
21846039 1
21849379 1
21851767 1
21854971 1
21858243 1
21861175 1
21863291 1
21866223 1
21869359 1
21872495 1
21874815 1
21878223 1
21881835 1
21885243 1
21887631 1
21890835 1
21894107 1
21897107 1
21899359 1
21902699 1
21906243 1
21909787 1
21912515 1
21916195 1
21919807 1
21923147 1
21925535 1
21928807 1
21932351 1
21935895 1
21938623 1
21942507 1
21946459 1
21950207 1
21952799 1
21956275 1
21959887 1
21963499 1
21966227 1
21970179 1
21974267 1
21978287 1
21981219 1
21985035 1
21988783 1
21992463 1
21995327 1
21999347 1
22003435 1
22007183 1
22009775 1
22013251 1
22016659 1
22019931 1
22022251 1
22025591 1
22029135 1
22032543 1
22035135 1
22038679 1
22042359 1
22045835 1
22048359 1
22051835 1
22055379 1
22058855 1
22061447 1
22064855 1
22068331 1
22071535 1
22073855 1
22077127 1
22080467 1
22083671 1
22086059 1
22089399 1
22092807 1
22096079 1
22098467 1
22101739 1
22105215 1
22108555 1
22111011 1
22114487 1
22118099 1
22121575 1
22124099 1
22127643 1
22131255 1
22134731 1
22137323 1
22140935 1
22144683 1
22148295 1
22151023 1
22154771 1
22158519 1
22162199 1
22164995 1
22168743 1
22172627 1
22176375 1
22179103 1
22182443 1
22185715 1
22188715 1
22190763 1
22193695 1
22196763 1
22199831 1
22202083 1
22205491 1
22208967 1
22212239 1
22214559 1
22217695 1
22220899 1
22223899 1
22226083 1
22229219 1
22232695 1
22236103 1
22238695 1
22242171 1
22245647 1
22248851 1
22251171 1
22254351 1
22257697 1
22261037 1
22263629 1
22267309 1
22271125 1
22274737 1
22277261 1
22280669 1
22284213 1
22287553 1
22290145 1
22293893 1
22297777 1
22301661 1
22304457 1
22308205 1
22311885 1
22315429 1
22318089 1
22321837 1
22325789 1
22329537 1
22332129 1
22335537 1
22338877 1
22342013 1
22344333 1
22347537 1
22350945 1
22354217 1
22356605 1
22359877 1
22363217 1
22366353 1
22368673 1
22371877 1
22375285 1
22378557 1
22381013 1
22384353 1
22387829 1
22391101 1
22393489 1
22396761 1
22400101 1
22403237 1
22405557 1
22408761 1
22412033 1
22415237 1
22417625 1
22421033 1
22424577 1
22427917 1
22430441 1
22433781 1
22437257 1
22440597 1
22443053 1
22446461 1
22450141 1
22453685 1
22456277 1
22459889 1
22463569 1
22467045 1
22469637 1
22473181 1
22476929 1
22480609 1
22483405 1
22487153 1
22490969 1
22494649 1
22497309 1
22500853 1
22504193 1
22507193 1
22509241 1
22512173 1
22515309 1
22518241 1
22520493 1
22523833 1
22527309 1
22530649 1
22533037 1
22536173 1
22539445 1
22542445 1
22544629 1
22547833 1
22551241 1
22554581 1
22557173 1
22560717 1
22564193 1
22567397 1
22569717 1
22572921 1
22576329 1
22579669 1
22582329 1
22586009 1
22589757 1
22593301 1
22595825 1
22599165 1
22602641 1
22606117 1
22608777 1
22612525 1
22616409 1
22620225 1
22623021 1
22626633 1
22630245 1
22633585 1
22635905 1
22639109 1
22642381 1
22645517 1
22647905 1
22651245 1
22654789 1
22658197 1
22660789 1
22664197 1
22667605 1
22670877 1
22673243 1
22676589 1
22680201 1
22683677 1
22686405 1
22690017 1
22693629 1
22697037 1
22699561 1
22702969 1
22706581 1
22710125 1
22712853 1
22716669 1
22720553 1
22724165 1
22726825 1
22730233 1
22733709 1
22736845 1
22739165 1
22742301 1
22745709 1
22748913 1
22751301 1
22754709 1
22758253 1
22761525 1
22763981 1
22767253 1
22770729 1
22774001 1
22776457 1
22779865 1
22783409 1
22786681 1
22789069 1
22792341 1
22795749 1
22799021 1
22801477 1
22804953 1
22808565 1
22812109 1
22814701 1
22818177 1
22821721 1
22825197 1
22827721 1
22831197 1
22834809 1
22838217 1
22840673 1
22844013 1
22847489 1
22850829 1
22853217 1
22856557 1
22859965 1
22863237 1
22865625 1
22868965 1
22872509 1
22875917 1
22878441 1
22881917 1
22885529 1
22888937 1
22891529 1
22895005 1
22898617 1
22902025 1
22904549 1
22908093 1
22911773 1
22915317 1
22917909 1
22921521 1
22925065 1
22928337 1
22930657 1
22933793 1
22936997 1
22940065 1
22942317 1
22945589 1
22949065 1
22952541 1
22955065 1
22958473 1
22961881 1
22965153 1
22967473 1
22970745 1
22974289 1
22977765 1
22980425 1
22984105 1
22987785 1
22991193 1
22993649 1
22996989 1
23000533 1
23003941 1
23006465 1
23009941 1
23013485 1
23016825 1
23019213 1
23022553 1
23026097 1
23029505 1
23032097 1
23035709 1
23039321 1
23042729 1
23045185 1
23048593 1
23052069 1
23055409 1
23057933 1
23061409 1
23065021 1
23068361 1
23070885 1
23074225 1
23077769 1
23081109 1
23083633 1
23087245 1
23090993 1
23094553 1
23097287 1
23100899 1
23104579 1
23108123 1
23110851 1
23114531 1
23118415 1
23122231 1
23125095 1
23128775 1
23132319 1
23135523 1
23137639 1
23140707 1
23143843 1
23146911 1
23149231 1
23152571 1
23156183 1
23159591 1
23162047 1
23165319 1
23168659 1
23171795 1
23174047 1
23177319 1
23180863 1
23184407 1
23187135 1
23190747 1
23194359 1
23197631 1
23200019 1
23203359 1
23206971 1
23210447 1
23213243 1
23217127 1
23221011 1
23224623 1
23227215 1
23230691 1
23234303 1
23237983 1
23240779 1
23244663 1
23248411 1
23251751 1
23254003 1
23257139 1
23260343 1
23263411 1
23265663 1
23268935 1
23272479 1
23275955 1
23278479 1
23281819 1
23285227 1
23288363 1
23290683 1
23293887 1
23297431 1
23300907 1
23303567 1
23307179 1
23310859 1
23314267 1
23316723 1
23320063 1
23323607 1
23327015 1
23329743 1
23333491 1
23337375 1
23341055 1
23343715 1
23347259 1
23350871 1
23354415 1
23357211 1
23361163 1
23365183 1
23368931 1
23371387 1
23374523 1
23377659 1
23380523 1
23382503 1
23385435 1
23388571 1
23391639 1
23393959 1
23397299 1
23400775 1
23403911 1
23406095 1
23409095 1
23412231 1
23415231 1
23417483 1
23420687 1
23424231 1
23427639 1
23430231 1
23433571 1
23436911 1
23440047 1
23442299 1
23445503 1
23448911 1
23452387 1
23455047 1
23458727 1
23462407 1
23465883 1
23468271 1
23471611 1
23475087 1
23478563 1
23481291 1
23485107 1
23488991 1
23492739 1
23495399 1
23498875 1
23502487 1
23506031 1
23508827 1
23512685 1
23516847 1
23520799 1
23523663 1
23527343 1
23531159 1
23534839 1
23537771 1
23541859 1
23546151 1
23550307 1
23553375 1
23557327 1
23561075 1
23564619 1
23567211 1
23570823 1
23574367 1
23577707 1
23580027 1
23583095 1
23586367 1
23589299 1
23591551 1
23594823 1
23598231 1
23601571 1
23603959 1
23607299 1
23610707 1
23613843 1
23616163 1
23619367 1
23622843 1
23626251 1
23628775 1
23632319 1
23635863 1
23639203 1
23641659 1
23644931 1
23648407 1
23651815 1
23654339 1
23658019 1
23661767 1
23665379 1
23668039 1
23671583 1
23675195 1
23678671 1
23681331 1
23685079 1
23688963 1
23692847 1
23695711 1
23699459 1
23703275 1
23706955 1
23709751 1
23713635 1
23717655 1
23721335 1
23723927 1
23727267 1
23730607 1
23733811 1
23736131 1
23739403 1
23742879 1
23746287 1
23748879 1
23752355 1
23755967 1
23759307 1
23761763 1
23765103 1
23768647 1
23772055 1
23774715 1
23778327 1
23782143 1
23785687 1
23788347 1
23791823 1
23795503 1
23799047 1
23801775 1
23805523 1
23809271 1
23812815 1
23815271 1
23818543 1
23821883 1
23825019 1
23827271 1
23830407 1
23833747 1
23836951 1
23839339 1
23842747 1
23846291 1
23849563 1
23851951 1
23855223 1
23858631 1
23861903 1
23864359 1
23867835 1
23871447 1
23874923 1
23877583 1
23881059 1
23884671 1
23888011 1
23890603 1
23894147 1
23897827 1
23901439 1
23904235 1
23907983 1
23911731 1
23915343 1
23918003 1
23921751 1
23925567 1
23929315 1
23932223 1
23936181 1
23940133 1
23943609 1
23945997 1
23949065 1
23952269 1
23955133 1
23957181 1
23960113 1
23963317 1
23966385 1
23968705 1
23972045 1
23975385 1
23978589 1
23980773 1
23983841 1
23987045 1
23990113 1
23992365 1
23995569 1
23999045 1
24002453 1
24004977 1
24008317 1
24011725 1
24014929 1
24017181 1
24020385 1
24023861 1
24027201 1
24029793 1
24033405 1
24037153 1
24040561 1
24043085 1
24046425 1
24049969 1
24053309 1
24055901 1
24059513 1
24063397 1
24067077 1
24069873 1
24073485 1
24077165 1
24080641 1
24083301 1
24087049 1
24090933 1
24094817 1
24097817 1
24101701 1
24105585 1
24109265 1
24112061 1
24115741 1
24119421 1
24122965 1
24125489 1
24128829 1
24132305 1
24135577 1
24137965 1
24141305 1
24144781 1
24148189 1
24150713 1
24154189 1
24157801 1
24161141 1
24163597 1
24166733 1
24170073 1
24173141 1
24175461 1
24178869 1
24182413 1
24185821 1
24188345 1
24191617 1
24195025 1
24198229 1
24200549 1
24203889 1
24207433 1
24210909 1
24213569 1
24217249 1
24220861 1
24224337 1
24226793 1
24230201 1
24233813 1
24237289 1
24239949 1
24243629 1
24247445 1
24250989 1
24253581 1
24257125 1
24260805 1
24264281 1
24266941 1
24270485 1
24274029 1
24277165 1
24279349 1
24282281 1
24285349 1
24288281 1
24290397 1
24293465 1
24296737 1
24300077 1
24302533 1
24305873 1
24309281 1
24312349 1
24314601 1
24317669 1
24320941 1
24324077 1
24326465 1
24329941 1
24333553 1
24337029 1
24339485 1
24342757 1
24346165 1
24349301 1
24351733 1
24355079 1
24358691 1
24362235 1
24364963 1
24368575 1
24372255 1
24375663 1
24378119 1
24381527 1
24385139 1
24388751 1
24391547 1
24395431 1
24399315 1
24402995 1
24405655 1
24409267 1
24413015 1
24416695 1
24419491 1
24423103 1
24426647 1
24429783 1
24431967 1
24434967 1
24438103 1
24440967 1
24443083 1
24446083 1
24449423 1
24452559 1
24454947 1
24458219 1
24461627 1
24464695 1
24466947 1
24470015 1
24473287 1
24476423 1
24478743 1
24482083 1
24485627 1
24489035 1
24491559 1
24494899 1
24498239 1
24501443 1
24503831 1
24507171 1
24510647 1
24514191 1
24516851 1
24520463 1
24524143 1
24527619 1
24530143 1
24533551 1
24537095 1
24540639 1
24543299 1
24547047 1
24550931 1
24554611 1
24557407 1
24560951 1
24564631 1
24568175 1
24570835 1
24574515 1
24578331 1
24582147 1
24584943 1
24588759 1
24592575 1
24596255 1
24599051 1
24602799 1
24606615 1
24609955 1
24612343 1
24615411 1
24618547 1
24621411 1
24623459 1
24626391 1
24629595 1
24632663 1
24634983 1
24638459 1
24642003 1
24645275 1
24647595 1
24650731 1
24653935 1
24657003 1
24659255 1
24662527 1
24666003 1
24669547 1
24672207 1
24675683 1
24679159 1
24682363 1
24684683 1
24687955 1
24691431 1
24694907 1
24697567 1
24701383 1
24705267 1
24708811 1
24711403 1
24714879 1
24718423 1
24721899 1
24724559 1
24728375 1
24732395 1
24736279 1
24739143 1
24742755 1
24746163 1
24749231 1
24751415 1
24754415 1
24757551 1
24760687 1
24763007 1
24766483 1
24770095 1
24773615 1
24776145 1
24779485 1
24782825 1
24786029 1
24788281 1
24791553 1
24795165 1
24798709 1
24801505 1
24805253 1
24808933 1
24812409 1
24814865 1
24818205 1
24821749 1
24825225 1
24828021 1
24831837 1
24835925 1
24839809 1
24842537 1
24846013 1
24849421 1
24852489 1
24854537 1
24857537 1
24860673 1
24863605 1
24865857 1
24869061 1
24872537 1
24875877 1
24878333 1
24881673 1
24885013 1
24888081 1
24890265 1
24893401 1
24896809 1
24900081 1
24902605 1
24906217 1
24909897 1
24913305 1
24915761 1
24919101 1
24922509 1
24925849 1
24928305 1
24931849 1
24935665 1
24939413 1
24942209 1
24945957 1
24949637 1
24953181 1
24955705 1
24959317 1
24963133 1
24966745 1
24969405 1
24973017 1
24976425 1
24979697 1
24981881 1
24985017 1
24988425 1
24991629 1
24994153 1
24997697 1
25001445 1
25004989 1
25007649 1
25011125 1
25014601 1
25017941 1
25020397 1
25023805 1
25027553 1
