54825 0
75859 0
97001 0
118143 0
139285 0
160427 0
181569 0
202711 0
223853 0
244995 0
266137 0
287279 0
308421 0
329563 0
350705 0
371847 0
392989 0
414077 0
435219 0
456361 0
477503 0
498645 0
519787 0
540929 0
562071 0
583213 0
604355 0
625497 0
646639 0
667781 0
688923 0
710065 0
731207 0
752349 0
773491 0
794633 0
815775 0
836863 0
858005 0
879147 0
900289 0
921431 0
942573 0
963715 0
984857 0
1005999 0
1027141 0
1048283 0
1069425 0
1090567 0
1111709 0
1132851 0
1153993 0
1175135 0
1196277 0
1217419 0
1238561 0
1259639 0
1280781 0
1301923 0
1323065 0
1344207 0
1365349 0
1386491 0
1407633 0
1428775 0
1449917 0
1471059 0
1492201 0
1513343 0
1534485 0
1555627 0
1576769 0
1597911 0
1619053 0
1640195 0
1661337 0
1682415 0
1703557 0
1724699 0
1745841 0
1766983 0
1788125 0
1809267 0
1830409 0
1851551 0
1872693 0
1893835 0
1914977 0
1936119 0
1957261 0
1978403 0
1999545 0
2020687 0
2041829 0
2062971 0
2084113 0
2105227 0
2126369 0
2147511 0
2168653 0
2189795 0
2210937 0
2232079 0
2253221 0
2274363 0
2295505 0
2316647 0
2337789 0
2358931 0
2380073 0
2401215 0
2422357 0
2443499 0
2464641 0
2485783 0
2506925 0
2528007 0
2549149 0
2570291 0
2591433 0
2612575 0
2633717 0
2654859 0
2676001 0
2697143 0
2718285 0
2739427 0
2760569 0
2781711 0
2802853 0
2823995 0
2845137 0
2866279 0
2887421 0
2908563 0
2929705 0
2950783 0
2971925 0
2993067 0
3014209 0
3035351 0
3056493 0
3077635 0
3098777 0
3119919 0
3141061 0
3162203 0
3183345 0
3204487 0
3225629 0
3246771 0
3267913 0
3289055 0
3310197 0
3331339 0
3352423 0
3373565 0
3394707 0
3415849 0
3436991 0
3458133 0
3479275 0
3500417 0
3521559 0
3542701 0
3563843 0
3584985 0
3606127 0
3627269 0
3648411 0
3669553 0
3690695 0
3711837 0
3732979 0
3754121 0
3775201 0
3796343 0
3817485 0
3838627 0
3859769 0
3880911 0
3902053 0
3923195 0
3944337 0
3965479 0
3986621 0
4007763 0
4028905 0
4050047 0
4071189 0
4092331 0
4113473 0
4134615 0
4155757 0
4176899 0
4198011 0
4219159 0
4240301 0
4261443 0
4282585 0
4303727 0
4324869 0
4346011 0
4367153 0
4388295 0
4409437 0
4430579 0
4451721 0
4472863 0
4494005 0
4515147 0
4536289 0
4557431 0
4578573 0
4599715 0
4620795 0
4641937 0
4663079 0
4684221 0
4705363 0
4726505 1
4747647 1
4768789 0
4789931 1
4811073 0
4832215 1
4853357 0
4874499 1
4895641 0
4916783 1
4937925 1
4959067 1
4980209 0
5001351 1
5022493 1
5043565 2
5064707 1
5085849 1
5106991 2
5128133 1
5149275 2
5170417 2
5191559 2
5212701 2
5233843 2
5254985 2
5276127 2
5297269 3
5318411 2
5339553 3
5360695 2
5381837 3
5402979 3
5424121 3
5445263 3
5466341 3
5487483 2
5508625 3
5529767 4
5550909 3
5572051 3
5593193 3
5614335 3
5635477 4
5656619 3
5677761 3
5698903 3
5720045 3
5741187 4
5762329 3
5783471 3
5804613 3
5825755 3
5846897 3
5868039 4
5889121 3
5910263 3
5931405 3
5952547 3
5973689 4
5994831 3
6015973 3
6037115 3
6058257 3
6079399 4
6100541 3
6121683 3
6142825 3
6163967 3
6185109 3
6206251 3
6227393 3
6248535 4
6269677 3
6290819 3
6311929 3
6333071 3
6354213 3
6375355 3
6396497 3
6417639 4
6438781 3
6459923 4
6481065 3
6502207 4
6523349 4
6544491 3
6565633 4
6586775 4
6607917 4
6629059 4
6650201 4
6671343 4
6692485 4
6713563 5
6734705 4
6755847 4
6776989 5
6798131 4
6819273 5
6840415 4
6861557 4
6882699 5
6903841 5
6924983 4
6946125 5
6967267 4
6988409 5
7009551 4
7030693 5
7051835 4
7072977 5
7094119 4
7115261 5
7136337 4
7157479 4
7178621 5
7199763 4
7220905 5
7242047 4
7263189 5
7284331 4
7305473 5
7326615 4
7347757 5
7368899 5
7390041 4
7411183 5
7432325 5
7453467 4
7474609 5
7495751 4
7516893 5
7538035 5
7559119 4
7580261 5
7601403 4
7622545 5
7643687 4
7664829 5
7685971 5
7707113 5
7728255 4
7749397 5
7770539 5
7791681 5
7812823 5
7833965 5
7855107 5
7876249 5
7897391 5
7918533 5
7939675 5
7960817 5
7981891 5
8003033 4
8024175 5
8045317 5
8066459 5
8087601 5
8108743 5
8129885 5
8151027 5
8172169 5
8193311 5
8214453 6
8235595 5
8256737 5
8277879 5
8299021 5
8320163 5
8341305 5
8362447 5
8383589 6
8404697 5
8425839 5
8446981 5
8468123 5
8489265 5
8510407 6
8531549 5
8552691 4
8573833 5
8594975 5
8616117 5
8637259 5
8658401 5
8679543 5
8700685 5
8721827 5
8742969 5
8764111 5
8785253 5
8806395 6
8827479 5
8848621 5
8869763 6
8890905 5
8912047 6
8933189 5
8954331 6
8975473 5
8996615 6
9017757 6
9038899 5
9060041 5
9081183 6
9102325 5
9123467 5
9144609 5
9165751 5
9186893 6
9208035 5
9229177 5
9250251 6
9271393 5
9292535 5
9313677 6
9334819 6
9355961 5
9377103 6
9398245 5
9419387 5
9440529 6
9461671 5
9482813 6
9503955 5
9525097 5
9546239 6
9567381 5
9588523 5
9609665 6
9630807 5
9651867 5
9672877 6
9694019 5
9715161 5
9736303 6
9757445 6
9778587 5
9799729 6
9820871 5
9842013 5
9863155 6
9884297 5
9905439 5
9926581 6
9947723 5
9968865 5
9990007 6
10011149 5
10032291 5
10053433 6
10074507 5
10095649 5
10116791 5
10137933 6
10159075 5
10180217 5
10201359 6
10222501 5
10243643 6
10264785 5
10285927 6
10307069 6
10328211 6
10349353 6
10370495 5
10391637 7
10412779 5
10433921 6
10455063 5
10476205 6
10497315 6
10518457 5
10539599 6
10560741 6
10581883 6
10603025 5
10624167 6
10645309 6
10666451 5
10687593 7
10708735 5
10729877 6
10751019 6
10772161 6
10793303 6
10814445 6
10835587 6
10856729 6
10877871 5
10899013 6
10920089 6
10941231 5
10962373 6
10983515 6
11004657 5
11025799 6
11046941 5
11068083 6
11089225 5
11110367 6
11131509 6
11152651 5
11173793 6
11194935 5
11216077 6
11237219 6
11258361 6
11279503 6
11300645 5
11321787 6
11342865 6
11364007 6
11385149 6
11406291 5
11427433 6
11448575 5
11469717 6
11490859 6
11512001 6
11533143 6
11554285 6
11575427 5
11596569 6
11617711 6
11638853 6
11659995 6
11681137 5
11702279 6
11723421 5
11744563 6
11765647 6
11786789 5
11807931 6
11829073 5
11850215 6
11871357 6
11892499 6
11913641 6
11934783 6
11955925 6
11977067 6
11998209 6
12019351 5
12040493 6
12061635 6
12082777 6
12103919 6
12125061 6
12146203 6
12167345 6
12188425 6
12209567 6
12230709 6
12251851 6
12272993 6
12294135 6
12315277 5
12336419 7
12357561 5
12378703 7
12399845 5
12420987 7
12442129 5
12463271 7
12484413 6
12505555 6
12526697 5
12547839 6
12568981 6
12590123 6
12611233 6
12632375 6
12653517 6
12674659 5
12695801 6
12716943 6
12738085 6
12759227 6
12780369 6
12801511 5
12822653 7
12843795 5
12864937 7
12886079 5
12907221 6
12928363 6
12949505 6
12970647 6
12991789 5
13012871 6
13034013 6
13055155 5
13076297 6
13097439 6
13118581 6
13139723 5
13160865 7
13182007 5
13203149 6
13224291 6
13245433 6
13266575 6
13287717 6
13308859 6
13330001 6
13351143 6
13372285 7
13393427 6
13414569 6
13435651 7
13456793 6
13477935 6
13499077 6
13520219 6
13541361 5
13562503 6
13583645 6
13604787 6
13625929 6
13647071 6
13668213 6
13689355 6
13710497 6
13731639 7
13752781 6
13773923 6
13795065 6
13816207 6
13837349 6
13858429 6
13879571 6
13900713 6
13921855 6
13942997 6
13964139 6
13985281 6
14006423 5
14027565 6
14048707 6
14069849 5
14090991 6
14112133 6
14133275 6
14154417 6
14175559 6
14196701 6
14217843 6
14238985 6
14260127 6
14281203 5
14302345 6
14323487 6
14344629 6
14365771 6
14386913 5
14408055 6
14429197 6
14450339 6
14471481 6
14492623 6
14513765 6
14534907 6
14556049 6
14577191 7
14598333 6
14619475 6
14640617 6
14661759 6
14682901 7
14704009 6
14725151 6
14746293 6
14767435 6
14788577 6
14809719 6
14830861 6
14852003 6
14873145 6
14894287 6
14915429 6
14936571 7
14957713 6
14978855 6
14999997 7
15021139 6
15042281 7
15063423 6
15084565 7
15105707 7
15126785 6
15147927 6
15169069 6
15190211 6
15211353 6
15232495 6
15253637 5
15274779 7
15295921 6
15317063 6
15338205 6
15359347 6
15380489 6
15401631 6
15422773 7
15443915 5
15465057 7
15486199 6
15507341 6
15528483 6
15549561 5
15570703 6
15591845 5
15612987 6
15634129 5
15655271 5
15676413 6
15697555 5
15718697 6
15739839 6
15760981 5
15782123 6
15803265 6
15824407 6
15845549 6
15866691 6
15887833 6
15908975 6
15930117 6
15951259 6
15972343 6
15993485 6
16014627 6
16035769 6
16056911 5
16078053 6
16099195 6
16120337 6
16141479 6
16162621 6
16183763 6
16204905 6
16226047 6
16247189 7
16268331 6
16289473 7
16310615 6
16331757 7
16352899 6
16373981 7
16395123 6
16416265 7
16437407 6
16458549 7
16479691 6
16500833 7
16521975 6
16543117 6
16564259 7
16585401 7
16606543 6
16627685 6
16648827 6
16669969 7
16691111 6
16712253 6
16733395 7
16754537 6
16775679 6
16796787 6
16817929 6
16839071 6
16860213 6
16881355 6
16902497 6
16923639 6
16944781 6
16965923 6
16987065 6
17008207 6
17029349 6
17050491 5
17071633 7
17092775 5
17113917 7
17135059 5
17156201 6
17177343 6
17198485 6
17219567 6
17240709 5
17261851 6
17282993 6
17304135 6
17325277 5
17346419 5
17367561 6
17388703 6
17409845 5
17430987 6
17452129 6
17473271 6
17494413 5
17515555 6
17536697 6
17557839 6
17578981 6
17600123 7
17621265 6
17642345 6
17663487 6
17684629 6
17705771 7
17726913 6
17748055 6
17769197 6
17790339 7
17811481 5
17832623 6
17853765 6
17874907 7
17896049 6
17917191 6
17938333 6
17959475 6
17980617 7
18001759 6
18022901 7
18044043 5
18065123 7
18086265 6
18107407 6
18128549 6
18149691 6
18170833 5
18191975 6
18213117 6
18234259 6
18255401 6
18276543 6
18297685 6
18318827 6
18339969 6
18361111 6
18382253 6
18403395 6
18424537 6
18445679 6
18466821 6
18487901 6
18509043 6
18530185 6
18551327 6
18572469 6
18593611 6
18614753 6
18635895 6
18657037 6
18678179 6
18699321 6
18720463 5
18741605 7
18762747 5
18783889 7
18805031 6
18826173 6
18847315 6
18868457 7
18889599 6
18910705 6
18931847 7
18952989 6
18974131 6
18995273 6
19016415 6
19037557 6
19058699 6
19079841 6
19100983 6
19122125 6
19143267 6
19164409 7
19185551 6
19206693 7
19227835 6
19248977 6
19270119 6
19291261 7
19312337 6
19333479 6
19354621 7
19375763 5
19396905 7
19418047 5
19439189 6
19460331 6
19481473 5
19502615 6
19523757 6
19544899 6
19566041 5
19587183 6
19608325 6
19629467 6
19650609 6
19671751 6
19692893 6
19714035 6
19735113 6
19756255 6
19777397 6
19798539 7
19819681 6
19840823 6
19861965 6
19883107 6
19904249 5
19925391 6
19946533 6
19967675 6
19988817 6
20009959 6
20031101 6
20052243 6
20073385 6
20094527 7
20115669 6
20136811 6
20157895 6
20179037 7
20200179 6
20221321 6
20242463 7
20263605 6
20284747 6
20305889 6
20327031 6
20348173 6
20369315 7
20390457 6
20411599 6
20432741 6
20453883 6
20475025 6
20496167 6
20517309 6
20538451 6
20559593 7
20580673 6
20601815 6
20622957 6
20644099 7
20665241 6
20686383 6
20707525 6
20728667 6
20749809 6
20770951 6
20792093 6
20813235 6
20834377 6
20855519 6
20876661 7
20897803 6
20918945 6
20940087 6
20961229 6
20982371 6
21003481 6
21024623 6
21045765 6
21066907 6
21088049 6
21109191 6
21130333 6
21151475 5
21172617 6
21193759 6
21214901 6
21236043 6
21257185 6
21278327 6
21299469 6
21320611 5
21341753 6
21362895 6
21384037 6
21405179 6
21426263 5
21447405 7
21468547 5
21489689 6
21510831 6
21531973 6
21553115 6
21574257 6
21595399 6
21616541 6
21637683 6
21658825 5
21679967 7
21701109 5
21722251 7
21743393 6
21764535 6
21785677 7
21806819 6
21827961 7
21849035 7
21870177 6
21891319 7
21912461 6
21933603 6
21954745 7
21975887 6
21997029 6
22018171 6
22039313 6
22060455 6
22081597 7
22102739 6
22123881 6
22145023 6
22166165 6
22187307 7
22208449 6
22229591 7
22250733 6
22271811 6
22292953 7
22314095 5
22335237 7
22356379 6
22377521 6
22398663 5
22419805 7
22440947 5
22462089 7
22483231 5
22504373 7
22525515 6
22546657 6
22567799 6
22588941 7
22610083 6
22631225 6
22652367 6
22673441 6
22694583 7
22715725 6
22736867 6
22758009 6
22779151 6
22800293 6
22821435 6
22842577 6
22863719 6
22884861 6
22906003 6
22927145 6
22948287 6
22969429 6
22990571 6
23011713 6
23032855 6
23053997 6
23075139 6
23096249 6
23117391 7
23138533 6
23159675 6
23180817 6
23201959 6
23223101 6
23244243 6
23265385 7
23286527 6
23307669 6
23328811 6
23349953 7
23371095 6
23392237 6
23413379 7
23434521 6
23455663 6
23476805 6
23497947 7
23519025 6
23540167 6
23561309 6
23582451 7
23603593 6
23624735 6
23645877 6
23667019 6
23688161 7
23709303 6
23730445 6
23751587 6
23772729 6
23793871 7
23815013 6
23836155 6
23857297 6
23878439 7
23899581 6
23920723 6
23941801 7
23962943 5
23984085 7
24005227 5
24026369 6
24047511 6
24068653 6
24089795 6
24110937 5
24132079 6
24153221 6
24174363 6
24195505 6
24216647 6
24237789 6
24258931 6
24280073 6
24301215 6
24322357 6
24343499 6
24364583 6
24385725 6
24406867 6
24428009 6
24449151 6
24470293 6
24491435 6
24512577 6
24533719 6
24554861 6
24576003 6
24597145 6
24618287 6
24639429 6
24660571 6
24681713 6
24702855 6
24723997 7
24745139 6
24766281 7
24787361 6
24808503 7
24829645 6
24850787 7
24871929 6
24893071 7
24914213 7
24935355 6
24956497 6
24977639 7
24998781 6
25019923 6
25041065 6
25062207 6
25083349 6
25104491 6
25125633 6
25146775 7
25167917 6
25189059 6
25210169 6
25231311 6
25252453 7
25273595 6
25294737 6
25315879 6
25337021 6
25358163 6
25379305 6
25400447 6
25421589 6
25442731 6
25463873 6
25485015 6
25506157 5
25527299 7
25548441 6
25569583 6
25590725 6
25611749 6
25632797 6
25653939 6
25675081 6
25696223 6
25717365 6
25738507 6
25759649 6
25780791 6
25801933 5
25823075 6
25844217 6
25865359 6
25886501 6
25907643 6
25928785 6
25949927 6
25971069 6
25992211 7
26013353 6
26034435 6
26055577 6
26076719 6
26097861 6
26119003 6
26140145 6
26161287 6
26182429 7
26203571 6
26224713 6
26245855 6
26266997 6
26288139 6
26309281 7
26330423 6
26351565 6
26372707 6
26393849 6
26414991 7
26436133 6
26457213 6
26478355 6
26499497 6
26520639 6
26541781 6
26562923 6
26584065 7
26605207 6
26626349 6
26647491 7
26668633 6
26689775 6
26710917 6
26732059 6
26753201 6
26774343 6
26795485 6
26816627 6
26837769 6
26858911 7
26879987 6
26901129 6
26922271 6
26943413 6
26964555 6
26985697 6
27006839 6
27027981 6
27049123 6
27070265 6
27091407 6
27112549 6
27133691 6
27154833 6
27175975 6
27197117 6
27218259 6
27239401 6
27260543 6
27281685 6
27302793 6
27323935 6
27345077 6
27366219 6
27387361 6
27408503 6
27429645 7
27450787 6
27471929 6
27493071 7
27514213 6
27535355 7
27556497 6
27577639 6
27598781 6
27619923 7
27641065 6
27662207 6
27683349 6
27704491 6
27725569 6
27746711 6
27767853 6
27788995 6
27810137 7
27831279 6
27852421 6
27873563 6
27894705 6
27915847 6
27936989 6
27958131 6
27979273 7
28000415 5
28021557 7
28042699 6
28063841 6
28084983 6
28106125 6
28127267 6
28148345 6
28169487 6
28190629 6
28211771 5
28232913 6
28254055 6
28275197 6
28296339 6
28317481 6
28338623 6
28359765 6
28380907 6
28402049 7
28423191 5
28444333 7
28465475 5
28486617 6
28507759 6
28528901 6
28550043 5
28571127 6
28592269 6
28613411 6
28634553 6
28655695 6
28676837 6
28697979 7
28719121 5
28740263 7
28761405 6
28782547 6
28803689 6
28824831 7
28845973 6
28867115 7
28888257 6
28909399 6
28930541 7
28951683 6
28972765 6
28993907 7
29015049 6
29036191 6
29057333 6
29078475 6
29099617 6
29120759 7
29141901 6
29163043 7
29184185 6
29205327 6
29226469 7
29247611 6
29268753 6
29289895 6
29311037 6
29332179 6
29353321 6
29374463 7
29395571 5
29416713 7
29437855 5
29458997 7
29480139 5
29501281 7
29522423 5
29543565 7
29564707 6
29585849 6
29606991 6
29628133 6
29649275 6
29670417 6
29691559 6
29712701 6
29733843 6
29754985 6
29776127 6
29797269 6
29818351 6
29839493 6
29860635 5
29881777 6
29902919 6
29924061 6
29945203 6
29966345 7
29987487 6
30008629 7
30029771 6
30050913 6
30072055 7
30093197 6
30114339 6
30135481 6
30156623 7
30177765 6
30198907 6
30220049 7
30241129 6
30262271 6
30283413 6
30304555 7
30325697 6
30346839 6
30367981 6
30389123 6
30410265 7
30431407 5
30452549 7
30473691 6
30494833 6
30515975 7
30537117 6
30558259 7
30579401 6
30600543 6
30621685 6
30642827 6
30663907 6
30685049 6
30706191 6
30727333 7
30748475 5
30769617 7
30790759 6
30811901 6
30833043 6
30854185 6
30875327 6
30896469 6
30917611 6
30938753 6
30959895 6
30981037 6
31002179 6
31023321 6
31044463 6
31065605 6
31086685 6
31107827 6
31128969 6
31150111 6
31171253 6
31192395 6
31213537 5
31234679 7
31255821 6
31276963 6
31298105 6
31319247 6
31340389 6
31361531 6
31382673 7
31403815 6
31424957 6
31446099 6
31467241 6
31488383 6
31509489 6
31530631 6
31551773 6
31572915 6
31594057 6
31615199 7
31636341 6
31657483 7
31678625 6
31699767 6
31720909 6
31742051 7
31763193 6
31784335 6
31805477 6
31826619 6
31847761 6
31868903 6
31890045 7
31911187 5
31932265 7
31953407 6
31974549 6
31995691 6
32016833 6
32037975 7
32059117 6
32080259 6
32101401 6
32122543 7
32143685 6
32164827 7
32185969 6
32207111 6
32228253 6
32249395 6
32270537 5
32291679 6
32312821 6
32333899 6
32355041 5
32376183 6
32397325 6
32418467 6
32439609 6
32460751 5
32481893 6
32503035 6
32524177 6
32545319 6
32566461 6
32587603 6
32608745 6
32629887 6
32651029 6
32672171 6
32693313 6
32714455 5
32735597 6
32756679 6
32777821 6
32798963 6
32820105 7
32841247 6
32862389 6
32883531 6
32904673 6
32925815 6
32946957 7
32968099 6
32989241 7
33010383 6
33031525 7
33052667 6
33073809 7
33094951 6
33116093 7
33137235 6
33158377 6
33179457 7
33200599 6
33221741 7
33242883 6
33264025 6
33285167 7
33306309 6
33327451 7
33348593 6
33369735 6
33390877 7
33412019 6
33433161 6
33454303 6
33475445 7
33496587 6
33517729 6
33538871 6
33560013 6
33581155 6
33602265 6
33623407 6
33644549 6
33665691 6
33686833 6
33707975 6
33729117 6
33750259 7
33771401 6
33792543 6
33813685 6
33834827 6
33855969 6
33877111 6
33898253 6
33919395 6
33940537 6
33961679 6
33982821 5
34003963 6
34025047 6
34046189 6
34067331 6
34088473 5
34109615 6
34130757 6
34151899 6
34173041 6
34194183 6
34215325 6
34236467 6
34257609 6
34278751 7
34299893 6
34321035 6
34342177 6
34363319 6
34384461 6
34405603 6
34426745 7
34447819 6
34468961 6
34490103 6
34511245 6
34532387 6
34553529 6
34574671 6
34595813 6
34616955 6
34638097 7
34659239 6
34680381 6
34701523 7
34722665 6
34743807 6
34764949 6
34786091 6
34807233 6
34828375 6
34849517 6
34870595 6
34891737 6
34912879 6
34934021 6
34955163 6
34976305 6
34997447 6
35018589 6
35039731 6
35060873 6
35082015 6
35103157 6
35124299 6
35145441 6
35166583 6
35187725 6
35208867 7
35230009 5
35251151 7
35272225 6
35293367 6
35314509 6
35335651 6
35356793 6
35377935 6
35399077 6
35420219 6
35441361 7
35462503 6
35483645 6
35504787 6
35525929 6
35547071 6
35568213 6
35589355 6
35610497 6
35631639 6
35652781 6
35673923 5
35695033 7
35716175 5
35737317 7
35758459 5
35779601 7
35800743 6
35821885 6
35843027 6
35864169 7
35885311 7
35906453 6
35927595 7
35948737 6
35969879 7
35991021 6
36012163 6
36033305 6
36054447 5
36075589 6
36096731 6
36117809 6
36138951 6
36160093 6
36181235 6
36202377 5
36223519 6
36244661 6
36265803 6
36286945 6
36308087 6
36329229 6
36350371 7
36371513 5
36392655 7
36413797 6
36434939 6
36456081 6
36477223 6
36498365 5
36519507 6
36540585 6
36561727 5
36582869 6
36604011 6
36625153 6
36646295 6
36667437 6
36688579 6
36709721 6
36730863 6
36752005 6
36773147 6
36794289 6
36815431 6
36836573 6
36857715 6
36878857 6
36899999 6
36921141 6
36942283 6
36963365 6
36984507 6
37005649 6
37026791 6
37047933 6
37069075 7
37090217 6
37111359 6
37132501 6
37153643 7
37174785 6
37195927 6
37217069 7
37238211 6
37259353 6
37280495 7
37301637 6
37322779 6
37343921 6
37365063 7
37386141 6
37407283 7
37428425 6
37449567 6
37470709 7
37491851 6
37512993 6
37534135 6
37555277 7
37576419 5
37597561 7
37618703 6
37639845 6
37660987 5
37682129 7
37703271 5
37724413 6
37745555 6
37766697 6
37787839 5
37808947 6
37830089 6
37851231 6
37872373 6
37893515 5
37914657 7
37935799 5
37956941 6
37978083 6
37999225 6
38020367 6
38041509 6
38062651 6
38083793 6
38104935 6
38126077 6
38147219 5
38168361 7
38189503 5
38210645 6
38231727 6
38252869 6
38274011 6
38295153 6
38316295 6
38337437 7
38358579 6
38379721 6
38400863 7
38422005 6
38443147 7
38464289 6
38485431 7
38506573 6
38527715 6
38548857 7
38569999 5
38591141 7
38612283 6
38633367 6
38654509 6
38675651 7
38696793 7
38717935 6
38739077 6
38760219 6
38781361 7
38802503 6
38823645 6
38844787 7
38865929 6
38887071 6
38908213 6
38929355 7
38950497 6
38971639 6
38992781 6
39013923 6
39035065 7
39056143 5
39077285 7
39098427 5
39119569 7
39140711 6
39161853 6
39182995 6
39204137 6
39225279 6
39246421 7
39267563 5
39288705 6
39309847 6
39330989 6
39352131 5
39373273 6
39394415 6
39415557 5
39436699 6
39457841 6
39478915 6
39500057 6
39521199 7
39542341 5
39563483 7
39584625 6
39605767 6
39626909 6
39648051 6
39669193 6
39690335 6
39711477 6
39732619 6
39753761 6
39774903 6
39796045 5
39817187 6
39838329 6
39859471 6
39880613 6
39901723 6
39922865 7
39944007 6
39965149 6
39986291 6
40007433 7
40028575 6
40049717 7
40070859 6
40092001 7
40113143 6
40134285 6
40155427 7
40176569 5
40197711 7
40218853 6
40239995 6
40261137 6
40282279 6
40303421 6
40324497 6
40345639 7
40366781 6
40387923 6
40409065 6
40430207 7
40451349 6
40472491 6
40493633 7
40514775 6
40535917 6
40557059 6
40578201 6
40599343 6
40620485 6
40641627 6
40662769 6
40683911 5
40705053 6
40726195 6
40747273 5
40768415 6
40789557 6
40810699 6
40831841 6
40852983 6
40874125 6
40895267 6
40916409 5
40937551 6
40958693 6
40979835 5
41000977 6
41022119 6
41043261 6
41064403 5
41085545 7
41106687 5
41127829 6
41148971 6
41170053 6
41191195 6
41212337 6
41233479 6
41254621 7
41275763 6
41296905 6
41318047 6
41339189 7
41360331 7
41381473 6
41402615 7
41423757 6
41444899 7
41466041 6
41487183 7
41508325 6
41529467 7
41550609 6
41571795 7
41592835 6
41613977 6
41635119 7
41656261 6
41677403 6
41698545 6
41719687 7
41740829 5
41761971 7
41783113 6
41804255 6
41825397 6
41846539 6
41867681 5
41888823 7
41909965 5
41931107 7
41952249 5
41973391 7
41994501 5
42015643 6
42036785 6
42057927 6
42079069 6
42100211 7
42121353 6
42142495 6
42163637 6
42184779 7
42205921 6
42227063 6
42248205 6
42269347 6
42290489 6
42311631 6
